[2025-05-30 22:26:21] [INFO]: Servidor backend corriendo en http://localhost:5000
[2025-05-30 22:26:21] [INFO]: Conectado a MongoDB
[2025-05-30 22:27:25] [INFO]: Servidor backend corriendo en http://localhost:5000
[2025-05-30 22:27:26] [INFO]: Conectado a MongoDB
[2025-05-30 22:27:51] [INFO]: Servidor backend corriendo en http://localhost:5000
[2025-05-30 22:27:52] [INFO]: Conectado a MongoDB
[2025-05-30 22:29:15] [INFO]: Servidor backend corriendo en http://localhost:5000
[2025-05-30 22:29:15] [INFO]: Conectado a MongoDB
[2025-05-30 22:29:18] [ERROR]: Promesa no manejada: ReferenceError: url is not defined
[2025-05-30 22:33:29] [INFO]: Servidor backend corriendo en http://localhost:5000
[2025-05-30 22:33:30] [INFO]: Conectado a MongoDB
[2025-05-30 22:33:34] [INFO]: Verificando acceso a: https://api.github.com/repos/fps1001/TFGII_FPisot
[2025-05-30 22:33:34] [INFO]: Verificando acceso a: https://api.github.com/repos/lod1004/GII-TFG-Asistente-de-Buenas-Practicas-para-Proyectos-en-GitHub
[2025-05-30 22:33:36] [INFO]: Dueño del repositorio: fps1001
[2025-05-30 22:33:36] [INFO]: Título del repositorio: TFGII_FPisot
[2025-05-30 22:33:36] [INFO]: Fecha del primer commit: Sat Jul 20 2024 18:54:00 GMT+0200 (hora de verano de Europa central)
[2025-05-30 22:33:36] [INFO]: Fecha del final commit: Wed Jan 15 2025 19:52:02 GMT+0100 (hora estándar de Europa central)
[2025-05-30 22:33:36] [INFO]: Fecha de inicio: Sat Jul 20 2024 18:54:00 GMT+0200 (hora de verano de Europa central)
[2025-05-30 22:33:36] [INFO]: Fecha de fin: Wed Jan 15 2025 19:52:02 GMT+0100 (hora estándar de Europa central)
[2025-05-30 22:33:59] [INFO]: Issues abiertas: 0
[2025-05-30 22:33:59] [INFO]: Issues cerradas: 85
[2025-05-30 22:33:59] [INFO]: Total Issues (abiertas + cerradas): 85
[2025-05-30 22:33:59] [INFO]: Media de Issues cerradas (cada 15 días): 7.08
[2025-05-30 22:33:59] [INFO]: Tiempo medio de cierre de Issues (en días): 9.82
[2025-05-30 22:33:59] [INFO]: % Issues con descripción: 100.00
[2025-05-30 22:33:59] [INFO]: % Issues con imágenes: 25.88
[2025-05-30 22:33:59] [INFO]: % Issues con comentarios: 60.00
[2025-05-30 22:33:59] [INFO]: % Issues con personas asignadas: 98.82
[2025-05-30 22:33:59] [INFO]: % Issues con etiquetas: 97.65
[2025-05-30 22:33:59] [INFO]: % Issues con milestone: 62.35
[2025-05-30 22:33:59] [INFO]: % Issues con Story Points: 0.00
[2025-05-30 22:33:59] [INFO]: % Issues reabiertas: 0.00
[2025-05-30 22:33:59] [INFO]: % Issues colaborativas: 17.65
[2025-05-30 22:33:59] [INFO]: Usuarios que participaron en Issues: [object Object],[object Object]
[2025-05-30 22:34:00] [INFO]: Total de Commits: 320
[2025-05-30 22:34:00] [INFO]: % Commits con título personalizado: 99.38
[2025-05-30 22:34:00] [INFO]: % Commits con descripción: 3.75
[2025-05-30 22:34:00] [INFO]: % Commits con referencias a Issues o Pull Requests: 91.25
[2025-05-30 22:34:00] [INFO]: % Commits colaborativos: 2.19
[2025-05-30 22:34:00] [INFO]: Media de Commits (cada 15 días): 26.67
[2025-05-30 22:34:00] [INFO]: Usuarios que participaron en Commits: [object Object]
[2025-05-30 22:34:00] [INFO]: Pull requests abiertas: 0
[2025-05-30 22:34:00] [INFO]: Pull requests cerradas: 1
[2025-05-30 22:34:00] [INFO]: % PRs con reviewers: 0.00
[2025-05-30 22:34:00] [INFO]: % PRs con assignees: 100.00
[2025-05-30 22:34:00] [INFO]: % PRs con labels: 0.00
[2025-05-30 22:34:00] [INFO]: % PRs con milestone: 100.00
[2025-05-30 22:34:00] [INFO]: % PRs colaborativas: 0.00
[2025-05-30 22:34:00] [INFO]: Media de PRs (cada 15 días): 0.08
[2025-05-30 22:34:00] [INFO]: Usuarios que participaron en PRs: [object Object]
[2025-05-30 22:34:01] [INFO]: Workflows creados dentro del rango: 4
[2025-05-30 22:34:05] [INFO]: Ejecuciones totales de workflows: 139
[2025-05-30 22:34:05] [INFO]: Workflows exitosos: 58.27%
[2025-05-30 22:34:05] [INFO]: Frecuencia media de ejecución: 0.72 días
[2025-05-30 22:34:06] [INFO]: Total de Releases: 7
[2025-05-30 22:34:06] [INFO]: Total de tags: 7
[2025-05-30 22:34:06] [INFO]: % Releases con descripción: 100.00
[2025-05-30 22:34:06] [INFO]: % Releases colaborativas: 0.00
[2025-05-30 22:34:06] [INFO]: Media de Releases (cada 15 días): 0.58
[2025-05-30 22:34:06] [INFO]: Usuarios que participaron en Releases: [object Object]
[2025-05-30 22:34:06] [INFO]: Total de participantes únicos: 2
[2025-05-30 22:34:06] [INFO]: Porcentaje de participación en Issues: 100.00
[2025-05-30 22:34:06] [INFO]: Porcentaje de participación en Commits: 50.00
[2025-05-30 22:34:06] [INFO]: Porcentaje de participación en PRs: 50.00
[2025-05-30 22:34:06] [INFO]: Porcentaje de participación en Releases: 50.00
[2025-05-30 22:34:06] [INFO]: Media de actividad por usuario (cada 15 días): 26.92
[2025-05-30 22:34:08] [INFO]: Dueño del repositorio: lod1004
[2025-05-30 22:34:08] [INFO]: Título del repositorio: GII-TFG-Asistente-de-Buenas-Practicas-para-Proyectos-en-GitHub
[2025-05-30 22:34:08] [INFO]: Fecha del primer commit: Sun Mar 02 2025 21:25:39 GMT+0100 (hora estándar de Europa central)
[2025-05-30 22:34:08] [INFO]: Fecha del final commit: Thu May 29 2025 22:16:25 GMT+0200 (hora de verano de Europa central)
[2025-05-30 22:34:08] [INFO]: Fecha de inicio: Sun Mar 02 2025 21:25:39 GMT+0100 (hora estándar de Europa central)
[2025-05-30 22:34:08] [INFO]: Fecha de fin: Thu May 29 2025 22:16:25 GMT+0200 (hora de verano de Europa central)
[2025-05-30 22:34:41] [INFO]: Issues abiertas: 7
[2025-05-30 22:34:41] [INFO]: Issues cerradas: 52
[2025-05-30 22:34:41] [INFO]: Total Issues (abiertas + cerradas): 59
[2025-05-30 22:34:41] [INFO]: Media de Issues cerradas (cada 15 días): 8.67
[2025-05-30 22:34:41] [INFO]: Tiempo medio de cierre de Issues (en días): 8.78
[2025-05-30 22:34:41] [INFO]: % Issues con descripción: 100.00
[2025-05-30 22:34:41] [INFO]: % Issues con imágenes: 32.20
[2025-05-30 22:34:41] [INFO]: % Issues con comentarios: 84.75
[2025-05-30 22:34:41] [INFO]: % Issues con personas asignadas: 94.92
[2025-05-30 22:34:41] [INFO]: % Issues con etiquetas: 100.00
[2025-05-30 22:34:41] [INFO]: % Issues con milestone: 61.02
[2025-05-30 22:34:41] [INFO]: % Issues con Story Points: 0.00
[2025-05-30 22:34:41] [INFO]: % Issues reabiertas: 10.17
[2025-05-30 22:34:41] [INFO]: % Issues colaborativas: 10.17
[2025-05-30 22:34:41] [INFO]: Usuarios que participaron en Issues: [object Object],[object Object]
[2025-05-30 22:34:41] [INFO]: Total de Commits: 74
[2025-05-30 22:34:41] [INFO]: % Commits con título personalizado: 77.03
[2025-05-30 22:34:41] [INFO]: % Commits con descripción: 71.62
[2025-05-30 22:34:41] [INFO]: % Commits con referencias a Issues o Pull Requests: 45.95
[2025-05-30 22:34:41] [INFO]: % Commits colaborativos: 0.00
[2025-05-30 22:34:41] [INFO]: Media de Commits (cada 15 días): 12.33
[2025-05-30 22:34:41] [INFO]: Usuarios que participaron en Commits: [object Object]
[2025-05-30 22:34:42] [INFO]: Pull requests abiertas: 0
[2025-05-30 22:34:42] [INFO]: Pull requests cerradas: 2
[2025-05-30 22:34:42] [INFO]: % PRs con reviewers: 0.00
[2025-05-30 22:34:42] [INFO]: % PRs con assignees: 50.00
[2025-05-30 22:34:42] [INFO]: % PRs con labels: 50.00
[2025-05-30 22:34:42] [INFO]: % PRs con milestone: 0.00
[2025-05-30 22:34:42] [INFO]: % PRs colaborativas: 0.00
[2025-05-30 22:34:42] [INFO]: Media de PRs (cada 15 días): 0.33
[2025-05-30 22:34:42] [INFO]: Usuarios que participaron en PRs: [object Object]
[2025-05-30 22:34:42] [INFO]: No se encontraron workflows en .github/workflows.
[2025-05-30 22:34:43] [INFO]: Total de Releases: 1
[2025-05-30 22:34:43] [INFO]: Total de tags: 1
[2025-05-30 22:34:43] [INFO]: % Releases con descripción: 100.00
[2025-05-30 22:34:43] [INFO]: % Releases colaborativas: 0.00
[2025-05-30 22:34:43] [INFO]: Media de Releases (cada 15 días): 0.17
[2025-05-30 22:34:43] [INFO]: Usuarios que participaron en Releases: [object Object]
[2025-05-30 22:34:44] [INFO]: Total de participantes únicos: 2
[2025-05-30 22:34:44] [INFO]: Porcentaje de participación en Issues: 100.00
[2025-05-30 22:34:44] [INFO]: Porcentaje de participación en Commits: 50.00
[2025-05-30 22:34:44] [INFO]: Porcentaje de participación en PRs: 50.00
[2025-05-30 22:34:44] [INFO]: Porcentaje de participación en Releases: 50.00
[2025-05-30 22:34:44] [INFO]: Media de actividad por usuario (cada 15 días): 23.25
[2025-05-30 22:34:44] [INFO]: Regla: Scrum, Extreme Programming - Iteraciones
[2025-05-30 22:34:44] [INFO]: Descripción: El repositorio se está desarrollando mediante iteraciones o Sprints. Esto es extremadamente útil para asignar tareas y lograr un desarrollo eficiente
[2025-05-30 22:34:44] [INFO]: Aprobada: Superada
[2025-05-30 22:34:44] [INFO]: Expliación: El repositorio sigue claramente una estrategia basada en iteraciones. Se usan Milestones y se hacen Commits y Releases con frecuencia
[2025-05-30 22:34:44] [INFO]: Detalles: [object Object],[object Object],[object Object],[object Object]
[2025-05-30 22:34:44] [INFO]: Regla: DevOps - Automated Build
[2025-05-30 22:34:44] [INFO]: Descripción: El repositorio incluye ficheros workflows de GitHub Actions que automaticen el desarrollo, ahorrando bastante tiempo de desarrollo y testing.
[2025-05-30 22:34:44] [INFO]: Aprobada: Superada
[2025-05-30 22:34:44] [INFO]: Expliación: El repositorio usa de forma consistente la automatización proporcionada por GitHub Actions.
[2025-05-30 22:34:44] [INFO]: Detalles: [object Object]
[2025-05-30 22:34:44] [INFO]: Regla: DevOps - Version Control
[2025-05-30 22:34:44] [INFO]: Descripción: El repositorio aprovecha en todo lo posible las herramientas de GitHub para el control de versiones. Hay Commits frecuentemente y estos contienen buenas características como descripción y referencias. Esto permite saber en cada Commit qué cambió y por qué, facilitando el volver a versiones anteriores en caso de error
[2025-05-30 22:34:44] [INFO]: Aprobada: Parcialmente superada
[2025-05-30 22:34:44] [INFO]: Expliación: El repositorio parece usar Commits y un control de versiones, pero podría mejorar en: Porcentaje de Commits con descripción.
[2025-05-30 22:34:44] [INFO]: Detalles: [object Object],[object Object],[object Object],[object Object],[object Object]
[2025-05-30 22:34:44] [INFO]: Regla: DevOps, Extreme Programming - Continuous integration
[2025-05-30 22:34:44] [INFO]: Descripción: El repositorio tiene señales de integración continua activa. Se cierran Pull Requests de forma consistente a lo largo del tiempo y los ficheros workflow se ejecutan con éxito frecuentemente, logrando un desarrollo de calidad.
[2025-05-30 22:34:44] [INFO]: Aprobada: Parcialmente superada
[2025-05-30 22:34:44] [INFO]: Expliación: El repositorio parece usar integración continua, pero podría mejorar en: Media de Pull Requests cerradas cada 15 días.
[2025-05-30 22:34:44] [INFO]: Detalles: [object Object],[object Object],[object Object]
[2025-05-30 22:34:44] [INFO]: Regla: Scrum - Definition of Done
[2025-05-30 22:34:44] [INFO]: Descripción: Se cierran las Issues de forma correcta y consistente, logrando un avance en el desarrollo eficiente.
[2025-05-30 22:34:44] [INFO]: Aprobada: Parcialmente superada
[2025-05-30 22:34:44] [INFO]: Expliación: El repositorio parece usar integración continua, pero podría mejorar en: Número de Issues abiertas, Porcentaje de Issues que alguna vez fueron reabiertas.
[2025-05-30 22:34:44] [INFO]: Detalles: [object Object],[object Object],[object Object]
[2025-05-30 22:34:44] [INFO]: Regla: Scrum - Backlog Quality
[2025-05-30 22:34:44] [INFO]: Descripción: El repositorio incluye numerosas issues y de calidad para formar el backlog del proyecto, lo que ayuda a dividir el trabajo en tareas.
[2025-05-30 22:34:44] [INFO]: Aprobada: Parcialmente superada
[2025-05-30 22:34:44] [INFO]: Expliación: El backlog podría mejorar en: Porcentaje de Issues con imágenes, Porcentaje de Issues con etiquetas.
[2025-05-30 22:34:44] [INFO]: Detalles: [object Object],[object Object],[object Object],[object Object],[object Object],[object Object]
[2025-05-30 22:34:44] [INFO]: Regla: Extreme Programming - Velocity
[2025-05-30 22:34:44] [INFO]: Descripción: El repositorio tiene indicios de medición de velocidad de trabajo mediante un buen ritmo de cierre de issues. Esto ofrece una forma de trabajo consistente que reducirá el tiempo necesario para el desarrollo
[2025-05-30 22:34:44] [INFO]: Aprobada: No superada
[2025-05-30 22:34:44] [INFO]: Expliación: No hay evidencia clara de que el repositorio mantenga la velocidad de trabajo.
[2025-05-30 22:34:44] [INFO]: Detalles: 
[2025-05-30 22:34:44] [INFO]: Regla: Extreme Programming - Frequent Releases
[2025-05-30 22:34:44] [INFO]: Descripción: El repositorio incluye Releases y se van creando nuevas cada cierto tiempo. Esto es útil para ir ofreciendo versiones utilizables de software
[2025-05-30 22:34:44] [INFO]: Aprobada: Superada
[2025-05-30 22:34:44] [INFO]: Expliación: El repositorio publica Releases de forma frecuente, lo cual es un buen indicio de entrega continua.
[2025-05-30 22:34:44] [INFO]: Detalles: [object Object],[object Object]
[2025-05-30 22:34:44] [INFO]: Regla: Extreme Programming - Collective Ownership
[2025-05-30 22:34:44] [INFO]: Descripción: Todos los miembros del equipo modifican de forma activa cualquier parte del repositorio. Todos se encargan de todo: hacer Commits, Issues, Pull Requests...
[2025-05-30 22:34:44] [INFO]: Aprobada: Superada
[2025-05-30 22:34:44] [INFO]: Expliación: El repositorio refleja una fuerte propiedad colectiva. Todos los miembros participan en múltiples aspectos del desarrollo de forma activa.
[2025-05-30 22:34:44] [INFO]: Detalles: [object Object],[object Object],[object Object],[object Object],[object Object],[object Object]
[2025-05-30 22:34:44] [INFO]: Regla: Extreme Programming - Pair Programming
[2025-05-30 22:34:44] [INFO]: Descripción: Los miembros del repositorio practican la programación por parejas, lo que facilita el desarrollo y el entendimiento del mismo por parte de todos los miembros
[2025-05-30 22:34:44] [INFO]: Aprobada: Parcialmente superada
[2025-05-30 22:34:44] [INFO]: Expliación: Hay algunos indicios de colaboración, pero podría mejorar en: Porcentaje de Pull Requests colaborativos (menciones), Porcentaje de Releases colaborativas (menciones).
[2025-05-30 22:34:44] [INFO]: Detalles: [object Object],[object Object],[object Object],[object Object]
[2025-05-30 22:35:31] [INFO]: Verificando acceso a: https://api.github.com/repos/lod1004/GII-TFG-Asistente-de-Buenas-Practicas-para-Proyectos-en-GitHub
[2025-05-30 23:05:28] [INFO]: Servidor backend corriendo en http://localhost:5000
[2025-05-30 23:05:28] [INFO]: Conectado a MongoDB
[2025-05-30 23:05:32] [ERROR]: URL malformada o no válida: a
[2025-05-30 23:06:01] [INFO]: Sesión iniciada correctamente
