[2025-05-14 21:03:43] [INFO]: Servidor corriendo en http://localhost:5000
[2025-05-14 21:03:44] [ERROR]: Error al enviar index.html: ENOENT: no such file or directory, stat 'C:\proyectos\GII-TFG-Asistente-de-Buenas-Practicas-para-Proyectos-en-GitHub\src\backend\frontend\dist\frontend\browser\index.html'
[2025-05-14 21:03:44] [INFO]: Conectado a MongoDB
[2025-05-14 21:03:57] [INFO]: Fecha del primer commit: Sun Mar 02 2025 21:25:39 GMT+0100 (hora estándar de Europa central)
[2025-05-14 21:03:57] [INFO]: Fecha del final commit: Tue May 13 2025 20:49:48 GMT+0200 (hora de verano de Europa central)
[2025-05-14 21:03:57] [INFO]: Dueño del repositorio: lod1004
[2025-05-14 21:03:57] [INFO]: Título del repositorio: GII-TFG-Asistente-de-Buenas-Practicas-para-Proyectos-en-GitHub
[2025-05-14 21:03:57] [INFO]: Fecha de inicio: Sun Mar 02 2025 21:25:39 GMT+0100 (hora estándar de Europa central)
[2025-05-14 21:03:57] [INFO]: Fecha de fin: Tue May 13 2025 20:49:48 GMT+0200 (hora de verano de Europa central)
[2025-05-14 21:04:08] [INFO]: Issues abiertas: 5
[2025-05-14 21:04:08] [INFO]: Issues cerradas: 34
[2025-05-14 21:04:08] [INFO]: Total Issues (abiertas + cerradas): 39
[2025-05-14 21:04:08] [INFO]: Media de Issues cerradas (cada10 días): 4.25
[2025-05-14 21:04:08] [INFO]: Tiempo medio de cierre de Issues (en días): 10.76
[2025-05-14 21:04:08] [INFO]: % Issues con descripción: 100.00
[2025-05-14 21:04:08] [INFO]: % Issues con imágenes: 33.33
[2025-05-14 21:04:08] [INFO]: % Issues con comentarios: 87.18
[2025-05-14 21:04:08] [INFO]: % Issues con personas asignadas: 92.31
[2025-05-14 21:04:08] [INFO]: % Issues con etiquetas: 100.00
[2025-05-14 21:04:08] [INFO]: % Issues con milestone: 43.59
[2025-05-14 21:04:08] [INFO]: % Issues con Story Points: 0.00
[2025-05-14 21:04:08] [INFO]: % Issues reabiertas: 12.82
[2025-05-14 21:04:08] [INFO]: % Issues colaborativas: 12.82
[2025-05-14 21:04:08] [INFO]: Usuarios que participaron en Issues: [object Object],[object Object]
[2025-05-14 21:04:08] [INFO]: Total de Commits: 52
[2025-05-14 21:04:08] [INFO]: % Commits con título personalizado: 69.23
[2025-05-14 21:04:08] [INFO]: % Commits con descripción: 71.15
[2025-05-14 21:04:08] [INFO]: % Commits con referencias a Issues o Pull Requests: 42.31
[2025-05-14 21:04:08] [INFO]: % Commits colaborativos: 0.00
[2025-05-14 21:04:08] [INFO]: Media de Commits (cada10 días): 6.50
[2025-05-14 21:04:08] [INFO]: Usuarios que participaron en Commits: [object Object]
[2025-05-14 21:04:08] [INFO]: Pull requests abiertas: 0
[2025-05-14 21:04:08] [INFO]: Pull requests cerradas: 2
[2025-05-14 21:04:08] [INFO]: % PRs con reviewers: 0.00
[2025-05-14 21:04:08] [INFO]: % PRs con assignees: 50.00
[2025-05-14 21:04:08] [INFO]: % PRs con labels: 50.00
[2025-05-14 21:04:08] [INFO]: % PRs con milestone: 0.00
[2025-05-14 21:04:08] [INFO]: % PRs colaborativas: 0.00
[2025-05-14 21:04:08] [INFO]: Media de PRs (cada10 días): 0.25
[2025-05-14 21:04:08] [INFO]: Usuarios que participaron en PRs: [object Object]
[2025-05-14 21:04:09] [INFO]: No se encontraron workflows en .github/workflows.
[2025-05-14 21:04:09] [INFO]: Total de Releases: 1
[2025-05-14 21:04:09] [INFO]: Total de tags: 1
[2025-05-14 21:04:09] [INFO]: % Releases con descripción: 100.00
[2025-05-14 21:04:09] [INFO]: % Releases colaborativas: 0.00
[2025-05-14 21:04:09] [INFO]: Media de Releases (cada10 días): 0.13
[2025-05-14 21:04:09] [INFO]: Usuarios que participaron en Releases: [object Object]
[2025-05-14 21:04:09] [INFO]: Total de participantes únicos: 2
[2025-05-14 21:04:09] [INFO]: Porcentaje de participación en Issues: 100.00
[2025-05-14 21:04:09] [INFO]: Porcentaje de participación en Commits: 50.00
[2025-05-14 21:04:09] [INFO]: Porcentaje de participación en PRs: 50.00
[2025-05-14 21:04:09] [INFO]: Porcentaje de participación en Releases: 50.00
[2025-05-14 21:04:09] [INFO]: Media de actividad por usuario (cada10 días): 11.56
[2025-05-14 21:04:10] [INFO]: Fecha del primer commit: Sat Oct 23 2021 19:25:56 GMT+0200 (hora de verano de Europa central)
[2025-05-14 21:04:10] [INFO]: Fecha del final commit: Wed Jun 15 2022 13:40:09 GMT+0200 (hora de verano de Europa central)
[2025-05-14 21:04:10] [INFO]: Dueño del repositorio: Joaquin-GM
[2025-05-14 21:04:10] [INFO]: Título del repositorio: GII_O_MA_19.07-Comparador-de-metricas-de-evolucion-en-repositorios-Software
[2025-05-14 21:04:10] [INFO]: Fecha de inicio: Sat Oct 23 2021 19:25:56 GMT+0200 (hora de verano de Europa central)
[2025-05-14 21:04:10] [INFO]: Fecha de fin: Wed Jun 15 2022 13:40:09 GMT+0200 (hora de verano de Europa central)
[2025-05-14 21:04:33] [INFO]: Issues abiertas: 0
[2025-05-14 21:04:33] [INFO]: Issues cerradas: 88
[2025-05-14 21:04:33] [INFO]: Total Issues (abiertas + cerradas): 88
[2025-05-14 21:04:33] [INFO]: Media de Issues cerradas (cada10 días): 3.67
[2025-05-14 21:04:33] [INFO]: Tiempo medio de cierre de Issues (en días): 66.06
[2025-05-14 21:04:33] [INFO]: % Issues con descripción: 47.73
[2025-05-14 21:04:33] [INFO]: % Issues con imágenes: 13.64
[2025-05-14 21:04:33] [INFO]: % Issues con comentarios: 28.41
[2025-05-14 21:04:33] [INFO]: % Issues con personas asignadas: 100.00
[2025-05-14 21:04:33] [INFO]: % Issues con etiquetas: 100.00
[2025-05-14 21:04:33] [INFO]: % Issues con milestone: 1.14
[2025-05-14 21:04:33] [INFO]: % Issues con Story Points: 0.00
[2025-05-14 21:04:33] [INFO]: % Issues reabiertas: 6.82
[2025-05-14 21:04:33] [INFO]: % Issues colaborativas: 1.14
[2025-05-14 21:04:33] [INFO]: Usuarios que participaron en Issues: [object Object],[object Object]
[2025-05-14 21:04:33] [INFO]: Total de Commits: 100
[2025-05-14 21:04:33] [INFO]: % Commits con título personalizado: 97.00
[2025-05-14 21:04:33] [INFO]: % Commits con descripción: 0.00
[2025-05-14 21:04:33] [INFO]: % Commits con referencias a Issues o Pull Requests: 57.00
[2025-05-14 21:04:33] [INFO]: % Commits colaborativos: 0.00
[2025-05-14 21:04:33] [INFO]: Media de Commits (cada10 días): 4.17
[2025-05-14 21:04:33] [INFO]: Usuarios que participaron en Commits: [object Object],[object Object],[object Object]
[2025-05-14 21:04:34] [INFO]: No hay pull requests en el repositorio.
[2025-05-14 21:04:34] [INFO]: Workflows creados dentro del rango: 1
[2025-05-14 21:04:34] [INFO]: Ejecuciones totales de workflows: 0
[2025-05-14 21:04:34] [INFO]: Workflows exitosos: 0.00%
[2025-05-14 21:04:34] [INFO]: Frecuencia media de ejecución: 0 días
[2025-05-14 21:04:35] [INFO]: Total de Releases: 3
[2025-05-14 21:04:35] [INFO]: Total de tags: 3
[2025-05-14 21:04:35] [INFO]: % Releases con descripción: 100.00
[2025-05-14 21:04:35] [INFO]: % Releases colaborativas: 0.00
[2025-05-14 21:04:35] [INFO]: Media de Releases (cada10 días): 0.13
[2025-05-14 21:04:35] [INFO]: Usuarios que participaron en Releases: [object Object]
[2025-05-14 21:04:35] [INFO]: Total de participantes únicos: 3
[2025-05-14 21:04:35] [INFO]: Porcentaje de participación en Issues: 66.67
[2025-05-14 21:04:35] [INFO]: Porcentaje de participación en Commits: 100.00
[2025-05-14 21:04:35] [INFO]: Porcentaje de participación en PRs: 0.00
[2025-05-14 21:04:35] [INFO]: Porcentaje de participación en Releases: 33.33
[2025-05-14 21:04:35] [INFO]: Media de actividad por usuario (cada10 días): 4.31
[2025-05-14 21:04:36] [INFO]: Regla: Scrum, Extreme Programming - Iteraciones
[2025-05-14 21:04:36] [INFO]: Descripción: El repositorio se está desarrollando mediante iteraciones o Sprints
[2025-05-14 21:04:36] [INFO]: Aprobada: Parcialmente superada
[2025-05-14 21:04:36] [INFO]: Expliación: El repositorio parece usar iteraciones, pero podría mejorar en: Pull Requests con Milestones.
[2025-05-14 21:04:36] [INFO]: Detalles: [object Object],[object Object],[object Object],[object Object]
[2025-05-14 21:04:36] [INFO]: Regla: DevOps - Automated Build
[2025-05-14 21:04:36] [INFO]: Descripción: El repositorio incluye ficheros workflows de GitHub Actions que automaticen el desarrollo.
[2025-05-14 21:04:36] [INFO]: Aprobada: Cero
[2025-05-14 21:04:36] [INFO]: Expliación: El repositorio no usa ningún fichero workflow de GitHub Actions, por lo que no hay ningún tipo de automatización
[2025-05-14 21:04:36] [INFO]: Detalles: [object Object]
[2025-05-14 21:04:36] [INFO]: Regla: DevOps - Version Control
[2025-05-14 21:04:36] [INFO]: Descripción: El repositorio aprovecha en todo lo posible las herramientas de GitHub para el control de versiones. Hay commits frecuentemente y estos contienen buenas características como descripción y referencias
[2025-05-14 21:04:36] [INFO]: Aprobada: Parcialmente superada
[2025-05-14 21:04:36] [INFO]: Expliación: El repositorio parece usar commits y un control de versiones, pero podría mejorar en: Porcentaje de commits con título personalizado, Porcentaje de commits con referencias.
[2025-05-14 21:04:36] [INFO]: Detalles: [object Object],[object Object],[object Object],[object Object]
[2025-05-14 21:04:36] [INFO]: Regla: DevOps, Extreme Programming - Continuous integration
[2025-05-14 21:04:36] [INFO]: Descripción: El repositorio tiene señales de integración continua activa. Se cierran Pull Requests de forma consistente a lo largo del tiempo y los ficheros workflow se ejecutan con éxito frecuentemente
[2025-05-14 21:04:36] [INFO]: Aprobada: Parcialmente superada
[2025-05-14 21:04:36] [INFO]: Expliación: El repositorio parece usar integración continua, pero podría mejorar en: Frecuencia de ejecución de los ficheros workflow, Porcentaje de éxito de los ficheros workflow.
[2025-05-14 21:04:36] [INFO]: Detalles: [object Object],[object Object],[object Object]
[2025-05-14 21:04:36] [INFO]: Regla: Scrum - Definition of Done
[2025-05-14 21:04:36] [INFO]: Descripción: Se cierran las Issues de forma correcta y consistente
[2025-05-14 21:04:36] [INFO]: Aprobada: Suspendida
[2025-05-14 21:04:36] [INFO]: Expliación: Hay muchas tareas sin cerrar o se reabren con demasiada frecuencia, lo cual indica que no se respeta una definición clara de "Done".
[2025-05-14 21:04:36] [INFO]: Detalles: [object Object],[object Object],[object Object]
[2025-05-14 21:04:36] [INFO]: Regla: Scrum - Backlog Quality
[2025-05-14 21:04:36] [INFO]: Descripción: El repositorio incluye numerosas issues y de calidad para formar el backlog del proyecto.
[2025-05-14 21:04:36] [INFO]: Aprobada: Parcialmente superada
[2025-05-14 21:04:36] [INFO]: Expliación: El backlog podría mejorar en: Número total de Issues, Número total de Issues cerradas, Porcentaje de Issues con personas asignadas.
[2025-05-14 21:04:36] [INFO]: Detalles: [object Object],[object Object],[object Object],[object Object],[object Object],[object Object]
[2025-05-14 21:04:36] [INFO]: Regla: Extreme Programming - Velocity
[2025-05-14 21:04:36] [INFO]: Descripción: El repositorio tiene indicios de medición de velocidad de trabajo mediante un buen ritmo de cierre de issues.
[2025-05-14 21:04:36] [INFO]: Aprobada: Superada
[2025-05-14 21:04:36] [INFO]: Expliación: El repositorio mantiene la velocidad de trabajo mediante el cierre frecuente de issues.
[2025-05-14 21:04:36] [INFO]: Detalles: 
[2025-05-14 21:04:36] [INFO]: Regla: Extreme Programming - Frequent Releases
[2025-05-14 21:04:36] [INFO]: Descripción: El repositorio incluye Releases y se van creando nuevas cada cierto tiempo.
[2025-05-14 21:04:36] [INFO]: Aprobada: Parcialmente superada
[2025-05-14 21:04:36] [INFO]: Expliación: El repositorio tiene Releases, pero podría mejorar en: Número de Releases.
[2025-05-14 21:04:36] [INFO]: Detalles: [object Object],[object Object]
[2025-05-14 21:04:36] [INFO]: Regla: Extreme Programming - Collective Ownership
[2025-05-14 21:04:36] [INFO]: Descripción: Todos los miembros del equipo modifican de forma activa cualquier parte del repositorio. Todos se encargan de todo: hacer Commits, Issues, Pull Requests...
[2025-05-14 21:04:36] [INFO]: Aprobada: Parcialmente superada
[2025-05-14 21:04:36] [INFO]: Expliación: Hay indicios de colaboración, pero podría mejorar en: Número de participantes, Porcentaje de participación en Commits.
[2025-05-14 21:04:36] [INFO]: Detalles: [object Object],[object Object],[object Object],[object Object],[object Object],[object Object]
[2025-05-14 21:04:36] [INFO]: Regla: Extreme Programming - Pair Programming
[2025-05-14 21:04:36] [INFO]: Descripción: Los miembros del repositorio practican la programación por parejas.
[2025-05-14 21:04:36] [INFO]: Aprobada: Parcialmente superada
[2025-05-14 21:04:36] [INFO]: Expliación: Hay algunos indicios de colaboración, pero podría mejorar en: Commits colaborativos (menciones en mensajes), Pull Requests colaborativos (menciones), Releases colaborativas (menciones).
[2025-05-14 21:04:36] [INFO]: Detalles: [object Object],[object Object],[object Object],[object Object]
[2025-05-14 21:06:01] [INFO]: Servidor corriendo en http://localhost:5000
[2025-05-14 21:06:01] [ERROR]: Error al enviar index.html: ENOENT: no such file or directory, stat 'C:\proyectos\GII-TFG-Asistente-de-Buenas-Practicas-para-Proyectos-en-GitHub\src\backend\frontend\dist\frontend\browser\index.html'
[2025-05-14 21:06:02] [INFO]: Conectado a MongoDB
[2025-05-14 21:06:21] [INFO]: Fecha del primer commit: Sun Mar 02 2025 21:25:39 GMT+0100 (hora estándar de Europa central)
[2025-05-14 21:06:21] [INFO]: Fecha del final commit: Tue May 13 2025 20:49:48 GMT+0200 (hora de verano de Europa central)
[2025-05-14 21:06:21] [INFO]: Dueño del repositorio: lod1004
[2025-05-14 21:06:21] [INFO]: Título del repositorio: GII-TFG-Asistente-de-Buenas-Practicas-para-Proyectos-en-GitHub
[2025-05-14 21:06:21] [INFO]: Fecha de inicio: Sun Mar 02 2025 21:25:39 GMT+0100 (hora estándar de Europa central)
[2025-05-14 21:06:21] [INFO]: Fecha de fin: Tue May 13 2025 20:49:48 GMT+0200 (hora de verano de Europa central)
[2025-05-14 21:06:32] [INFO]: Issues abiertas: 5
[2025-05-14 21:06:32] [INFO]: Issues cerradas: 34
[2025-05-14 21:06:32] [INFO]: Total Issues (abiertas + cerradas): 39
[2025-05-14 21:06:32] [INFO]: Media de Issues cerradas (cada10 días): 4.25
[2025-05-14 21:06:32] [INFO]: Tiempo medio de cierre de Issues (en días): 10.76
[2025-05-14 21:06:32] [INFO]: % Issues con descripción: 100.00
[2025-05-14 21:06:32] [INFO]: % Issues con imágenes: 33.33
[2025-05-14 21:06:32] [INFO]: % Issues con comentarios: 87.18
[2025-05-14 21:06:32] [INFO]: % Issues con personas asignadas: 92.31
[2025-05-14 21:06:32] [INFO]: % Issues con etiquetas: 100.00
[2025-05-14 21:06:32] [INFO]: % Issues con milestone: 43.59
[2025-05-14 21:06:32] [INFO]: % Issues con Story Points: 0.00
[2025-05-14 21:06:32] [INFO]: % Issues reabiertas: 12.82
[2025-05-14 21:06:32] [INFO]: % Issues colaborativas: 12.82
[2025-05-14 21:06:32] [INFO]: Usuarios que participaron en Issues: [object Object],[object Object]
[2025-05-14 21:06:32] [INFO]: Total de Commits: 52
[2025-05-14 21:06:32] [INFO]: % Commits con título personalizado: 69.23
[2025-05-14 21:06:32] [INFO]: % Commits con descripción: 71.15
[2025-05-14 21:06:32] [INFO]: % Commits con referencias a Issues o Pull Requests: 42.31
[2025-05-14 21:06:32] [INFO]: % Commits colaborativos: 0.00
[2025-05-14 21:06:32] [INFO]: Media de Commits (cada10 días): 6.50
[2025-05-14 21:06:32] [INFO]: Usuarios que participaron en Commits: [object Object]
[2025-05-14 21:06:33] [INFO]: Pull requests abiertas: 0
[2025-05-14 21:06:33] [INFO]: Pull requests cerradas: 2
[2025-05-14 21:06:33] [INFO]: % PRs con reviewers: 0.00
[2025-05-14 21:06:33] [INFO]: % PRs con assignees: 50.00
[2025-05-14 21:06:33] [INFO]: % PRs con labels: 50.00
[2025-05-14 21:06:33] [INFO]: % PRs con milestone: 0.00
[2025-05-14 21:06:33] [INFO]: % PRs colaborativas: 0.00
[2025-05-14 21:06:33] [INFO]: Media de PRs (cada10 días): 0.25
[2025-05-14 21:06:33] [INFO]: Usuarios que participaron en PRs: [object Object]
[2025-05-14 21:06:33] [INFO]: No se encontraron workflows en .github/workflows.
[2025-05-14 21:06:33] [INFO]: Total de Releases: 1
[2025-05-14 21:06:33] [INFO]: Total de tags: 1
[2025-05-14 21:06:33] [INFO]: % Releases con descripción: 100.00
[2025-05-14 21:06:33] [INFO]: % Releases colaborativas: 0.00
[2025-05-14 21:06:33] [INFO]: Media de Releases (cada10 días): 0.13
[2025-05-14 21:06:33] [INFO]: Usuarios que participaron en Releases: [object Object]
[2025-05-14 21:06:33] [INFO]: Total de participantes únicos: 2
[2025-05-14 21:06:33] [INFO]: Porcentaje de participación en Issues: 100.00
[2025-05-14 21:06:33] [INFO]: Porcentaje de participación en Commits: 50.00
[2025-05-14 21:06:33] [INFO]: Porcentaje de participación en PRs: 50.00
[2025-05-14 21:06:33] [INFO]: Porcentaje de participación en Releases: 50.00
[2025-05-14 21:06:33] [INFO]: Media de actividad por usuario (cada10 días): 11.56
[2025-05-14 21:06:34] [INFO]: Fecha del primer commit: Sat Oct 23 2021 19:25:56 GMT+0200 (hora de verano de Europa central)
[2025-05-14 21:06:34] [INFO]: Fecha del final commit: Wed Jun 15 2022 13:40:09 GMT+0200 (hora de verano de Europa central)
[2025-05-14 21:06:34] [INFO]: Dueño del repositorio: Joaquin-GM
[2025-05-14 21:06:34] [INFO]: Título del repositorio: GII_O_MA_19.07-Comparador-de-metricas-de-evolucion-en-repositorios-Software
[2025-05-14 21:06:34] [INFO]: Fecha de inicio: Sat Oct 23 2021 19:25:56 GMT+0200 (hora de verano de Europa central)
[2025-05-14 21:06:34] [INFO]: Fecha de fin: Wed Jun 15 2022 13:40:09 GMT+0200 (hora de verano de Europa central)
[2025-05-14 21:06:56] [INFO]: Issues abiertas: 0
[2025-05-14 21:06:56] [INFO]: Issues cerradas: 88
[2025-05-14 21:06:56] [INFO]: Total Issues (abiertas + cerradas): 88
[2025-05-14 21:06:56] [INFO]: Media de Issues cerradas (cada10 días): 3.67
[2025-05-14 21:06:56] [INFO]: Tiempo medio de cierre de Issues (en días): 66.06
[2025-05-14 21:06:56] [INFO]: % Issues con descripción: 47.73
[2025-05-14 21:06:56] [INFO]: % Issues con imágenes: 13.64
[2025-05-14 21:06:56] [INFO]: % Issues con comentarios: 28.41
[2025-05-14 21:06:56] [INFO]: % Issues con personas asignadas: 100.00
[2025-05-14 21:06:56] [INFO]: % Issues con etiquetas: 100.00
[2025-05-14 21:06:56] [INFO]: % Issues con milestone: 1.14
[2025-05-14 21:06:56] [INFO]: % Issues con Story Points: 0.00
[2025-05-14 21:06:56] [INFO]: % Issues reabiertas: 6.82
[2025-05-14 21:06:56] [INFO]: % Issues colaborativas: 1.14
[2025-05-14 21:06:56] [INFO]: Usuarios que participaron en Issues: [object Object],[object Object]
[2025-05-14 21:06:56] [INFO]: Total de Commits: 100
[2025-05-14 21:06:56] [INFO]: % Commits con título personalizado: 97.00
[2025-05-14 21:06:56] [INFO]: % Commits con descripción: 0.00
[2025-05-14 21:06:56] [INFO]: % Commits con referencias a Issues o Pull Requests: 57.00
[2025-05-14 21:06:56] [INFO]: % Commits colaborativos: 0.00
[2025-05-14 21:06:56] [INFO]: Media de Commits (cada10 días): 4.17
[2025-05-14 21:06:56] [INFO]: Usuarios que participaron en Commits: [object Object],[object Object],[object Object]
[2025-05-14 21:06:56] [INFO]: No hay pull requests en el repositorio.
[2025-05-14 21:06:57] [INFO]: Workflows creados dentro del rango: 1
[2025-05-14 21:06:57] [INFO]: Ejecuciones totales de workflows: 0
[2025-05-14 21:06:57] [INFO]: Workflows exitosos: 0.00%
[2025-05-14 21:06:57] [INFO]: Frecuencia media de ejecución: 0 días
[2025-05-14 21:06:58] [INFO]: Total de Releases: 3
[2025-05-14 21:06:58] [INFO]: Total de tags: 3
[2025-05-14 21:06:58] [INFO]: % Releases con descripción: 100.00
[2025-05-14 21:06:58] [INFO]: % Releases colaborativas: 0.00
[2025-05-14 21:06:58] [INFO]: Media de Releases (cada10 días): 0.13
[2025-05-14 21:06:58] [INFO]: Usuarios que participaron en Releases: [object Object]
[2025-05-14 21:06:58] [INFO]: Total de participantes únicos: 3
[2025-05-14 21:06:58] [INFO]: Porcentaje de participación en Issues: 66.67
[2025-05-14 21:06:58] [INFO]: Porcentaje de participación en Commits: 100.00
[2025-05-14 21:06:58] [INFO]: Porcentaje de participación en PRs: 0.00
[2025-05-14 21:06:58] [INFO]: Porcentaje de participación en Releases: 33.33
[2025-05-14 21:06:58] [INFO]: Media de actividad por usuario (cada10 días): 4.31
[2025-05-14 21:06:58] [INFO]: Regla: Scrum, Extreme Programming - Iteraciones
[2025-05-14 21:06:58] [INFO]: Descripción: El repositorio se está desarrollando mediante iteraciones o Sprints
[2025-05-14 21:06:58] [INFO]: Aprobada: Parcialmente superada
[2025-05-14 21:06:58] [INFO]: Expliación: El repositorio parece usar iteraciones, pero podría mejorar en: Pull Requests con Milestones.
[2025-05-14 21:06:58] [INFO]: Detalles: [object Object],[object Object],[object Object],[object Object]
[2025-05-14 21:06:58] [INFO]: Regla: DevOps - Automated Build
[2025-05-14 21:06:58] [INFO]: Descripción: El repositorio incluye ficheros workflows de GitHub Actions que automaticen el desarrollo.
[2025-05-14 21:06:58] [INFO]: Aprobada: Cero
[2025-05-14 21:06:58] [INFO]: Expliación: El repositorio no usa ningún fichero workflow de GitHub Actions, por lo que no hay ningún tipo de automatización
[2025-05-14 21:06:58] [INFO]: Detalles: [object Object]
[2025-05-14 21:06:58] [INFO]: Regla: DevOps - Version Control
[2025-05-14 21:06:58] [INFO]: Descripción: El repositorio aprovecha en todo lo posible las herramientas de GitHub para el control de versiones. Hay commits frecuentemente y estos contienen buenas características como descripción y referencias
[2025-05-14 21:06:58] [INFO]: Aprobada: Parcialmente superada
[2025-05-14 21:06:58] [INFO]: Expliación: El repositorio parece usar commits y un control de versiones, pero podría mejorar en: Porcentaje de commits con título personalizado, Porcentaje de commits con referencias.
[2025-05-14 21:06:58] [INFO]: Detalles: [object Object],[object Object],[object Object],[object Object]
[2025-05-14 21:06:58] [INFO]: Regla: DevOps, Extreme Programming - Continuous integration
[2025-05-14 21:06:58] [INFO]: Descripción: El repositorio tiene señales de integración continua activa. Se cierran Pull Requests de forma consistente a lo largo del tiempo y los ficheros workflow se ejecutan con éxito frecuentemente
[2025-05-14 21:06:58] [INFO]: Aprobada: Parcialmente superada
[2025-05-14 21:06:58] [INFO]: Expliación: El repositorio parece usar integración continua, pero podría mejorar en: Frecuencia de ejecución de los ficheros workflow, Porcentaje de éxito de los ficheros workflow.
[2025-05-14 21:06:58] [INFO]: Detalles: [object Object],[object Object],[object Object]
[2025-05-14 21:06:58] [INFO]: Regla: Scrum - Definition of Done
[2025-05-14 21:06:58] [INFO]: Descripción: Se cierran las Issues de forma correcta y consistente
[2025-05-14 21:06:58] [INFO]: Aprobada: Suspendida
[2025-05-14 21:06:58] [INFO]: Expliación: Hay muchas tareas sin cerrar o se reabren con demasiada frecuencia, lo cual indica que no se respeta una definición clara de "Done".
[2025-05-14 21:06:58] [INFO]: Detalles: [object Object],[object Object],[object Object]
[2025-05-14 21:06:58] [INFO]: Regla: Scrum - Backlog Quality
[2025-05-14 21:06:58] [INFO]: Descripción: El repositorio incluye numerosas issues y de calidad para formar el backlog del proyecto.
[2025-05-14 21:06:58] [INFO]: Aprobada: Parcialmente superada
[2025-05-14 21:06:58] [INFO]: Expliación: El backlog podría mejorar en: Número total de Issues, Número total de Issues cerradas, Porcentaje de Issues con personas asignadas.
[2025-05-14 21:06:58] [INFO]: Detalles: [object Object],[object Object],[object Object],[object Object],[object Object],[object Object]
[2025-05-14 21:06:58] [INFO]: Regla: Extreme Programming - Velocity
[2025-05-14 21:06:58] [INFO]: Descripción: El repositorio tiene indicios de medición de velocidad de trabajo mediante un buen ritmo de cierre de issues.
[2025-05-14 21:06:58] [INFO]: Aprobada: Superada
[2025-05-14 21:06:58] [INFO]: Expliación: El repositorio mantiene la velocidad de trabajo mediante el cierre frecuente de issues.
[2025-05-14 21:06:58] [INFO]: Detalles: 
[2025-05-14 21:06:58] [INFO]: Regla: Extreme Programming - Frequent Releases
[2025-05-14 21:06:58] [INFO]: Descripción: El repositorio incluye Releases y se van creando nuevas cada cierto tiempo.
[2025-05-14 21:06:58] [INFO]: Aprobada: Parcialmente superada
[2025-05-14 21:06:58] [INFO]: Expliación: El repositorio tiene Releases, pero podría mejorar en: Número de Releases.
[2025-05-14 21:06:58] [INFO]: Detalles: [object Object],[object Object]
[2025-05-14 21:06:58] [INFO]: Regla: Extreme Programming - Collective Ownership
[2025-05-14 21:06:58] [INFO]: Descripción: Todos los miembros del equipo modifican de forma activa cualquier parte del repositorio. Todos se encargan de todo: hacer Commits, Issues, Pull Requests...
[2025-05-14 21:06:58] [INFO]: Aprobada: Parcialmente superada
[2025-05-14 21:06:58] [INFO]: Expliación: Hay indicios de colaboración, pero podría mejorar en: Número de participantes, Porcentaje de participación en Commits.
[2025-05-14 21:06:58] [INFO]: Detalles: [object Object],[object Object],[object Object],[object Object],[object Object],[object Object]
[2025-05-14 21:06:58] [INFO]: Regla: Extreme Programming - Pair Programming
[2025-05-14 21:06:58] [INFO]: Descripción: Los miembros del repositorio practican la programación por parejas.
[2025-05-14 21:06:58] [INFO]: Aprobada: Parcialmente superada
[2025-05-14 21:06:58] [INFO]: Expliación: Hay algunos indicios de colaboración, pero podría mejorar en: Commits colaborativos (menciones en mensajes), Pull Requests colaborativos (menciones), Releases colaborativas (menciones).
[2025-05-14 21:06:58] [INFO]: Detalles: [object Object],[object Object],[object Object],[object Object]
[2025-05-14 21:07:45] [INFO]: Servidor corriendo en http://localhost:5000
[2025-05-14 21:07:46] [ERROR]: Error al enviar index.html: ENOENT: no such file or directory, stat 'C:\proyectos\GII-TFG-Asistente-de-Buenas-Practicas-para-Proyectos-en-GitHub\src\backend\frontend\dist\frontend\browser\index.html'
[2025-05-14 21:07:46] [INFO]: Conectado a MongoDB
[2025-05-14 21:07:55] [INFO]: Fecha del primer commit: Sun Mar 02 2025 21:25:39 GMT+0100 (hora estándar de Europa central)
[2025-05-14 21:07:55] [INFO]: Fecha del final commit: Tue May 13 2025 20:49:48 GMT+0200 (hora de verano de Europa central)
[2025-05-14 21:07:55] [INFO]: Dueño del repositorio: lod1004
[2025-05-14 21:07:55] [INFO]: Título del repositorio: GII-TFG-Asistente-de-Buenas-Practicas-para-Proyectos-en-GitHub
[2025-05-14 21:07:55] [INFO]: Fecha de inicio: Sun Mar 02 2025 21:25:39 GMT+0100 (hora estándar de Europa central)
[2025-05-14 21:07:55] [INFO]: Fecha de fin: Tue May 13 2025 20:49:48 GMT+0200 (hora de verano de Europa central)
[2025-05-14 21:08:05] [INFO]: Issues abiertas: 5
[2025-05-14 21:08:05] [INFO]: Issues cerradas: 34
[2025-05-14 21:08:05] [INFO]: Total Issues (abiertas + cerradas): 39
[2025-05-14 21:08:05] [INFO]: Media de Issues cerradas (cada15 días): 6.80
[2025-05-14 21:08:05] [INFO]: Tiempo medio de cierre de Issues (en días): 10.76
[2025-05-14 21:08:05] [INFO]: % Issues con descripción: 100.00
[2025-05-14 21:08:05] [INFO]: % Issues con imágenes: 33.33
[2025-05-14 21:08:05] [INFO]: % Issues con comentarios: 87.18
[2025-05-14 21:08:05] [INFO]: % Issues con personas asignadas: 92.31
[2025-05-14 21:08:05] [INFO]: % Issues con etiquetas: 100.00
[2025-05-14 21:08:05] [INFO]: % Issues con milestone: 43.59
[2025-05-14 21:08:05] [INFO]: % Issues con Story Points: 0.00
[2025-05-14 21:08:05] [INFO]: % Issues reabiertas: 12.82
[2025-05-14 21:08:05] [INFO]: % Issues colaborativas: 12.82
[2025-05-14 21:08:05] [INFO]: Usuarios que participaron en Issues: [object Object],[object Object]
[2025-05-14 21:08:06] [INFO]: Total de Commits: 52
[2025-05-14 21:08:06] [INFO]: % Commits con título personalizado: 69.23
[2025-05-14 21:08:06] [INFO]: % Commits con descripción: 71.15
[2025-05-14 21:08:06] [INFO]: % Commits con referencias a Issues o Pull Requests: 42.31
[2025-05-14 21:08:06] [INFO]: % Commits colaborativos: 0.00
[2025-05-14 21:08:06] [INFO]: Media de Commits (cada15 días): 10.40
[2025-05-14 21:08:06] [INFO]: Usuarios que participaron en Commits: [object Object]
[2025-05-14 21:08:06] [INFO]: Pull requests abiertas: 0
[2025-05-14 21:08:06] [INFO]: Pull requests cerradas: 2
[2025-05-14 21:08:06] [INFO]: % PRs con reviewers: 0.00
[2025-05-14 21:08:06] [INFO]: % PRs con assignees: 50.00
[2025-05-14 21:08:06] [INFO]: % PRs con labels: 50.00
[2025-05-14 21:08:06] [INFO]: % PRs con milestone: 0.00
[2025-05-14 21:08:06] [INFO]: % PRs colaborativas: 0.00
[2025-05-14 21:08:06] [INFO]: Media de PRs (cada15 días): 0.40
[2025-05-14 21:08:06] [INFO]: Usuarios que participaron en PRs: [object Object]
[2025-05-14 21:08:06] [INFO]: No se encontraron workflows en .github/workflows.
[2025-05-14 21:08:07] [INFO]: Total de Releases: 1
[2025-05-14 21:08:07] [INFO]: Total de tags: 1
[2025-05-14 21:08:07] [INFO]: % Releases con descripción: 100.00
[2025-05-14 21:08:07] [INFO]: % Releases colaborativas: 0.00
[2025-05-14 21:08:07] [INFO]: Media de Releases (cada15 días): 0.20
[2025-05-14 21:08:07] [INFO]: Usuarios que participaron en Releases: [object Object]
[2025-05-14 21:08:07] [INFO]: Total de participantes únicos: 2
[2025-05-14 21:08:07] [INFO]: Porcentaje de participación en Issues: 100.00
[2025-05-14 21:08:07] [INFO]: Porcentaje de participación en Commits: 50.00
[2025-05-14 21:08:07] [INFO]: Porcentaje de participación en PRs: 50.00
[2025-05-14 21:08:07] [INFO]: Porcentaje de participación en Releases: 50.00
[2025-05-14 21:08:07] [INFO]: Media de actividad por usuario (cada15 días): 18.50
[2025-05-14 21:08:08] [INFO]: Fecha del primer commit: Sat Oct 23 2021 19:25:56 GMT+0200 (hora de verano de Europa central)
[2025-05-14 21:08:08] [INFO]: Fecha del final commit: Wed Jun 15 2022 13:40:09 GMT+0200 (hora de verano de Europa central)
[2025-05-14 21:08:08] [INFO]: Dueño del repositorio: Joaquin-GM
[2025-05-14 21:08:08] [INFO]: Título del repositorio: GII_O_MA_19.07-Comparador-de-metricas-de-evolucion-en-repositorios-Software
[2025-05-14 21:08:08] [INFO]: Fecha de inicio: Sat Oct 23 2021 19:25:56 GMT+0200 (hora de verano de Europa central)
[2025-05-14 21:08:08] [INFO]: Fecha de fin: Wed Jun 15 2022 13:40:09 GMT+0200 (hora de verano de Europa central)
[2025-05-14 21:08:31] [INFO]: Issues abiertas: 0
[2025-05-14 21:08:31] [INFO]: Issues cerradas: 88
[2025-05-14 21:08:31] [INFO]: Total Issues (abiertas + cerradas): 88
[2025-05-14 21:08:31] [INFO]: Media de Issues cerradas (cada15 días): 5.50
[2025-05-14 21:08:31] [INFO]: Tiempo medio de cierre de Issues (en días): 66.06
[2025-05-14 21:08:31] [INFO]: % Issues con descripción: 47.73
[2025-05-14 21:08:31] [INFO]: % Issues con imágenes: 13.64
[2025-05-14 21:08:31] [INFO]: % Issues con comentarios: 28.41
[2025-05-14 21:08:31] [INFO]: % Issues con personas asignadas: 100.00
[2025-05-14 21:08:31] [INFO]: % Issues con etiquetas: 100.00
[2025-05-14 21:08:31] [INFO]: % Issues con milestone: 1.14
[2025-05-14 21:08:31] [INFO]: % Issues con Story Points: 0.00
[2025-05-14 21:08:31] [INFO]: % Issues reabiertas: 6.82
[2025-05-14 21:08:31] [INFO]: % Issues colaborativas: 1.14
[2025-05-14 21:08:31] [INFO]: Usuarios que participaron en Issues: [object Object],[object Object]
[2025-05-14 21:08:32] [INFO]: Total de Commits: 100
[2025-05-14 21:08:32] [INFO]: % Commits con título personalizado: 97.00
[2025-05-14 21:08:32] [INFO]: % Commits con descripción: 0.00
[2025-05-14 21:08:32] [INFO]: % Commits con referencias a Issues o Pull Requests: 57.00
[2025-05-14 21:08:32] [INFO]: % Commits colaborativos: 0.00
[2025-05-14 21:08:32] [INFO]: Media de Commits (cada15 días): 6.25
[2025-05-14 21:08:32] [INFO]: Usuarios que participaron en Commits: [object Object],[object Object],[object Object]
[2025-05-14 21:08:32] [INFO]: No hay pull requests en el repositorio.
[2025-05-14 21:08:33] [INFO]: Workflows creados dentro del rango: 1
[2025-05-14 21:08:33] [INFO]: Ejecuciones totales de workflows: 0
[2025-05-14 21:08:33] [INFO]: Workflows exitosos: 0.00%
[2025-05-14 21:08:33] [INFO]: Frecuencia media de ejecución: 0 días
[2025-05-14 21:08:33] [INFO]: Total de Releases: 3
[2025-05-14 21:08:33] [INFO]: Total de tags: 3
[2025-05-14 21:08:33] [INFO]: % Releases con descripción: 100.00
[2025-05-14 21:08:33] [INFO]: % Releases colaborativas: 0.00
[2025-05-14 21:08:33] [INFO]: Media de Releases (cada15 días): 0.19
[2025-05-14 21:08:33] [INFO]: Usuarios que participaron en Releases: [object Object]
[2025-05-14 21:08:34] [INFO]: Total de participantes únicos: 3
[2025-05-14 21:08:34] [INFO]: Porcentaje de participación en Issues: 66.67
[2025-05-14 21:08:34] [INFO]: Porcentaje de participación en Commits: 100.00
[2025-05-14 21:08:34] [INFO]: Porcentaje de participación en PRs: 0.00
[2025-05-14 21:08:34] [INFO]: Porcentaje de participación en Releases: 33.33
[2025-05-14 21:08:34] [INFO]: Media de actividad por usuario (cada15 días): 6.46
[2025-05-14 21:08:34] [INFO]: Regla: Scrum, Extreme Programming - Iteraciones
[2025-05-14 21:08:34] [INFO]: Descripción: El repositorio se está desarrollando mediante iteraciones o Sprints
[2025-05-14 21:08:34] [INFO]: Aprobada: Parcialmente superada
[2025-05-14 21:08:34] [INFO]: Expliación: El repositorio parece usar iteraciones, pero podría mejorar en: Pull Requests con Milestones.
[2025-05-14 21:08:34] [INFO]: Detalles: [object Object],[object Object],[object Object],[object Object]
[2025-05-14 21:08:34] [INFO]: Regla: DevOps - Automated Build
[2025-05-14 21:08:34] [INFO]: Descripción: El repositorio incluye ficheros workflows de GitHub Actions que automaticen el desarrollo.
[2025-05-14 21:08:34] [INFO]: Aprobada: Cero
[2025-05-14 21:08:34] [INFO]: Expliación: El repositorio no usa ningún fichero workflow de GitHub Actions, por lo que no hay ningún tipo de automatización
[2025-05-14 21:08:34] [INFO]: Detalles: [object Object]
[2025-05-14 21:08:34] [INFO]: Regla: DevOps - Version Control
[2025-05-14 21:08:34] [INFO]: Descripción: El repositorio aprovecha en todo lo posible las herramientas de GitHub para el control de versiones. Hay commits frecuentemente y estos contienen buenas características como descripción y referencias
[2025-05-14 21:08:34] [INFO]: Aprobada: Parcialmente superada
[2025-05-14 21:08:34] [INFO]: Expliación: El repositorio parece usar commits y un control de versiones, pero podría mejorar en: Porcentaje de commits con título personalizado, Porcentaje de commits con referencias.
[2025-05-14 21:08:34] [INFO]: Detalles: [object Object],[object Object],[object Object],[object Object]
[2025-05-14 21:08:34] [INFO]: Regla: DevOps, Extreme Programming - Continuous integration
[2025-05-14 21:08:34] [INFO]: Descripción: El repositorio tiene señales de integración continua activa. Se cierran Pull Requests de forma consistente a lo largo del tiempo y los ficheros workflow se ejecutan con éxito frecuentemente
[2025-05-14 21:08:34] [INFO]: Aprobada: Parcialmente superada
[2025-05-14 21:08:34] [INFO]: Expliación: El repositorio parece usar integración continua, pero podría mejorar en: Frecuencia de ejecución de los ficheros workflow, Porcentaje de éxito de los ficheros workflow.
[2025-05-14 21:08:34] [INFO]: Detalles: [object Object],[object Object],[object Object]
[2025-05-14 21:08:34] [INFO]: Regla: Scrum - Definition of Done
[2025-05-14 21:08:34] [INFO]: Descripción: Se cierran las Issues de forma correcta y consistente
[2025-05-14 21:08:34] [INFO]: Aprobada: Suspendida
[2025-05-14 21:08:34] [INFO]: Expliación: Hay muchas tareas sin cerrar o se reabren con demasiada frecuencia, lo cual indica que no se respeta una definición clara de "Done".
[2025-05-14 21:08:34] [INFO]: Detalles: [object Object],[object Object],[object Object]
[2025-05-14 21:08:34] [INFO]: Regla: Scrum - Backlog Quality
[2025-05-14 21:08:34] [INFO]: Descripción: El repositorio incluye numerosas issues y de calidad para formar el backlog del proyecto.
[2025-05-14 21:08:34] [INFO]: Aprobada: Parcialmente superada
[2025-05-14 21:08:34] [INFO]: Expliación: El backlog podría mejorar en: Número total de Issues, Número total de Issues cerradas, Porcentaje de Issues con personas asignadas.
[2025-05-14 21:08:34] [INFO]: Detalles: [object Object],[object Object],[object Object],[object Object],[object Object],[object Object]
[2025-05-14 21:08:34] [INFO]: Regla: Extreme Programming - Velocity
[2025-05-14 21:08:34] [INFO]: Descripción: El repositorio tiene indicios de medición de velocidad de trabajo mediante un buen ritmo de cierre de issues.
[2025-05-14 21:08:34] [INFO]: Aprobada: Superada
[2025-05-14 21:08:34] [INFO]: Expliación: El repositorio mantiene la velocidad de trabajo mediante el cierre frecuente de issues.
[2025-05-14 21:08:34] [INFO]: Detalles: 
[2025-05-14 21:08:34] [INFO]: Regla: Extreme Programming - Frequent Releases
[2025-05-14 21:08:34] [INFO]: Descripción: El repositorio incluye Releases y se van creando nuevas cada cierto tiempo.
[2025-05-14 21:08:34] [INFO]: Aprobada: Parcialmente superada
[2025-05-14 21:08:34] [INFO]: Expliación: El repositorio tiene Releases, pero podría mejorar en: Número de Releases.
[2025-05-14 21:08:34] [INFO]: Detalles: [object Object],[object Object]
[2025-05-14 21:08:34] [INFO]: Regla: Extreme Programming - Collective Ownership
[2025-05-14 21:08:34] [INFO]: Descripción: Todos los miembros del equipo modifican de forma activa cualquier parte del repositorio. Todos se encargan de todo: hacer Commits, Issues, Pull Requests...
[2025-05-14 21:08:34] [INFO]: Aprobada: Parcialmente superada
[2025-05-14 21:08:34] [INFO]: Expliación: Hay indicios de colaboración, pero podría mejorar en: Número de participantes, Porcentaje de participación en Commits.
[2025-05-14 21:08:34] [INFO]: Detalles: [object Object],[object Object],[object Object],[object Object],[object Object],[object Object]
[2025-05-14 21:08:34] [INFO]: Regla: Extreme Programming - Pair Programming
[2025-05-14 21:08:34] [INFO]: Descripción: Los miembros del repositorio practican la programación por parejas.
[2025-05-14 21:08:34] [INFO]: Aprobada: Parcialmente superada
[2025-05-14 21:08:34] [INFO]: Expliación: Hay algunos indicios de colaboración, pero podría mejorar en: Commits colaborativos (menciones en mensajes), Pull Requests colaborativos (menciones), Releases colaborativas (menciones).
[2025-05-14 21:08:34] [INFO]: Detalles: [object Object],[object Object],[object Object],[object Object]
[2025-05-14 21:09:54] [INFO]: Servidor corriendo en http://localhost:5000
[2025-05-14 21:09:55] [ERROR]: Error al enviar index.html: ENOENT: no such file or directory, stat 'C:\proyectos\GII-TFG-Asistente-de-Buenas-Practicas-para-Proyectos-en-GitHub\src\backend\frontend\dist\frontend\browser\index.html'
[2025-05-14 21:09:55] [INFO]: Conectado a MongoDB
[2025-05-14 21:09:58] [INFO]: Fecha del primer commit: Sun Mar 02 2025 21:25:39 GMT+0100 (hora estándar de Europa central)
[2025-05-14 21:09:58] [INFO]: Fecha del final commit: Tue May 13 2025 20:49:48 GMT+0200 (hora de verano de Europa central)
[2025-05-14 21:09:58] [INFO]: Dueño del repositorio: lod1004
[2025-05-14 21:09:58] [INFO]: Título del repositorio: GII-TFG-Asistente-de-Buenas-Practicas-para-Proyectos-en-GitHub
[2025-05-14 21:09:58] [INFO]: Fecha de inicio: Sun Mar 02 2025 21:25:39 GMT+0100 (hora estándar de Europa central)
[2025-05-14 21:09:58] [INFO]: Fecha de fin: Tue May 13 2025 20:49:48 GMT+0200 (hora de verano de Europa central)
[2025-05-14 21:10:08] [INFO]: Issues abiertas: 5
[2025-05-14 21:10:08] [INFO]: Issues cerradas: 34
[2025-05-14 21:10:08] [INFO]: Total Issues (abiertas + cerradas): 39
[2025-05-14 21:10:08] [INFO]: Media de Issues cerradas (cada15 días): 6.80
[2025-05-14 21:10:08] [INFO]: Tiempo medio de cierre de Issues (en días): 10.76
[2025-05-14 21:10:08] [INFO]: % Issues con descripción: 100.00
[2025-05-14 21:10:08] [INFO]: % Issues con imágenes: 33.33
[2025-05-14 21:10:08] [INFO]: % Issues con comentarios: 87.18
[2025-05-14 21:10:08] [INFO]: % Issues con personas asignadas: 92.31
[2025-05-14 21:10:08] [INFO]: % Issues con etiquetas: 100.00
[2025-05-14 21:10:08] [INFO]: % Issues con milestone: 43.59
[2025-05-14 21:10:08] [INFO]: % Issues con Story Points: 0.00
[2025-05-14 21:10:08] [INFO]: % Issues reabiertas: 12.82
[2025-05-14 21:10:08] [INFO]: % Issues colaborativas: 12.82
[2025-05-14 21:10:08] [INFO]: Usuarios que participaron en Issues: [object Object],[object Object]
[2025-05-14 21:10:09] [INFO]: Total de Commits: 52
[2025-05-14 21:10:09] [INFO]: % Commits con título personalizado: 69.23
[2025-05-14 21:10:09] [INFO]: % Commits con descripción: 71.15
[2025-05-14 21:10:09] [INFO]: % Commits con referencias a Issues o Pull Requests: 42.31
[2025-05-14 21:10:09] [INFO]: % Commits colaborativos: 0.00
[2025-05-14 21:10:09] [INFO]: Media de Commits (cada15 días): 10.40
[2025-05-14 21:10:09] [INFO]: Usuarios que participaron en Commits: [object Object]
[2025-05-14 21:10:09] [INFO]: Pull requests abiertas: 0
[2025-05-14 21:10:09] [INFO]: Pull requests cerradas: 2
[2025-05-14 21:10:09] [INFO]: % PRs con reviewers: 0.00
[2025-05-14 21:10:09] [INFO]: % PRs con assignees: 50.00
[2025-05-14 21:10:09] [INFO]: % PRs con labels: 50.00
[2025-05-14 21:10:09] [INFO]: % PRs con milestone: 0.00
[2025-05-14 21:10:09] [INFO]: % PRs colaborativas: 0.00
[2025-05-14 21:10:09] [INFO]: Media de PRs (cada15 días): 0.40
[2025-05-14 21:10:09] [INFO]: Usuarios que participaron en PRs: [object Object]
[2025-05-14 21:10:09] [INFO]: No se encontraron workflows en .github/workflows.
[2025-05-14 21:10:10] [INFO]: Total de Releases: 1
[2025-05-14 21:10:10] [INFO]: Total de tags: 1
[2025-05-14 21:10:10] [INFO]: % Releases con descripción: 100.00
[2025-05-14 21:10:10] [INFO]: % Releases colaborativas: 0.00
[2025-05-14 21:10:10] [INFO]: Media de Releases (cada15 días): 0.20
[2025-05-14 21:10:10] [INFO]: Usuarios que participaron en Releases: [object Object]
[2025-05-14 21:10:10] [INFO]: Total de participantes únicos: 2
[2025-05-14 21:10:10] [INFO]: Porcentaje de participación en Issues: 100.00
[2025-05-14 21:10:10] [INFO]: Porcentaje de participación en Commits: 50.00
[2025-05-14 21:10:10] [INFO]: Porcentaje de participación en PRs: 50.00
[2025-05-14 21:10:10] [INFO]: Porcentaje de participación en Releases: 50.00
[2025-05-14 21:10:10] [INFO]: Media de actividad por usuario (cada15 días): 18.50
[2025-05-14 21:10:11] [INFO]: Fecha del primer commit: Sat Oct 23 2021 19:25:56 GMT+0200 (hora de verano de Europa central)
[2025-05-14 21:10:11] [INFO]: Fecha del final commit: Wed Jun 15 2022 13:40:09 GMT+0200 (hora de verano de Europa central)
[2025-05-14 21:10:11] [INFO]: Dueño del repositorio: Joaquin-GM
[2025-05-14 21:10:11] [INFO]: Título del repositorio: GII_O_MA_19.07-Comparador-de-metricas-de-evolucion-en-repositorios-Software
[2025-05-14 21:10:11] [INFO]: Fecha de inicio: Sat Oct 23 2021 19:25:56 GMT+0200 (hora de verano de Europa central)
[2025-05-14 21:10:11] [INFO]: Fecha de fin: Wed Jun 15 2022 13:40:09 GMT+0200 (hora de verano de Europa central)
[2025-05-14 21:10:33] [INFO]: Issues abiertas: 0
[2025-05-14 21:10:33] [INFO]: Issues cerradas: 88
[2025-05-14 21:10:33] [INFO]: Total Issues (abiertas + cerradas): 88
[2025-05-14 21:10:33] [INFO]: Media de Issues cerradas (cada15 días): 5.50
[2025-05-14 21:10:33] [INFO]: Tiempo medio de cierre de Issues (en días): 66.06
[2025-05-14 21:10:33] [INFO]: % Issues con descripción: 47.73
[2025-05-14 21:10:33] [INFO]: % Issues con imágenes: 13.64
[2025-05-14 21:10:33] [INFO]: % Issues con comentarios: 28.41
[2025-05-14 21:10:33] [INFO]: % Issues con personas asignadas: 100.00
[2025-05-14 21:10:33] [INFO]: % Issues con etiquetas: 100.00
[2025-05-14 21:10:33] [INFO]: % Issues con milestone: 1.14
[2025-05-14 21:10:33] [INFO]: % Issues con Story Points: 0.00
[2025-05-14 21:10:33] [INFO]: % Issues reabiertas: 6.82
[2025-05-14 21:10:33] [INFO]: % Issues colaborativas: 1.14
[2025-05-14 21:10:33] [INFO]: Usuarios que participaron en Issues: [object Object],[object Object]
[2025-05-14 21:10:33] [INFO]: Total de Commits: 100
[2025-05-14 21:10:33] [INFO]: % Commits con título personalizado: 97.00
[2025-05-14 21:10:33] [INFO]: % Commits con descripción: 0.00
[2025-05-14 21:10:33] [INFO]: % Commits con referencias a Issues o Pull Requests: 57.00
[2025-05-14 21:10:33] [INFO]: % Commits colaborativos: 0.00
[2025-05-14 21:10:33] [INFO]: Media de Commits (cada15 días): 6.25
[2025-05-14 21:10:33] [INFO]: Usuarios que participaron en Commits: [object Object],[object Object],[object Object]
[2025-05-14 21:10:34] [INFO]: No hay pull requests en el repositorio.
[2025-05-14 21:10:34] [INFO]: Workflows creados dentro del rango: 1
[2025-05-14 21:10:34] [INFO]: Ejecuciones totales de workflows: 0
[2025-05-14 21:10:34] [INFO]: Workflows exitosos: 0.00%
[2025-05-14 21:10:34] [INFO]: Frecuencia media de ejecución: 0 días
[2025-05-14 21:10:35] [INFO]: Total de Releases: 3
[2025-05-14 21:10:35] [INFO]: Total de tags: 3
[2025-05-14 21:10:35] [INFO]: % Releases con descripción: 100.00
[2025-05-14 21:10:35] [INFO]: % Releases colaborativas: 0.00
[2025-05-14 21:10:35] [INFO]: Media de Releases (cada15 días): 0.19
[2025-05-14 21:10:35] [INFO]: Usuarios que participaron en Releases: [object Object]
[2025-05-14 21:10:35] [INFO]: Total de participantes únicos: 3
[2025-05-14 21:10:35] [INFO]: Porcentaje de participación en Issues: 66.67
[2025-05-14 21:10:35] [INFO]: Porcentaje de participación en Commits: 100.00
[2025-05-14 21:10:35] [INFO]: Porcentaje de participación en PRs: 0.00
[2025-05-14 21:10:35] [INFO]: Porcentaje de participación en Releases: 33.33
[2025-05-14 21:10:35] [INFO]: Media de actividad por usuario (cada15 días): 6.46
[2025-05-14 21:10:36] [INFO]: Regla: Scrum, Extreme Programming - Iteraciones
[2025-05-14 21:10:36] [INFO]: Descripción: El repositorio se está desarrollando mediante iteraciones o Sprints
[2025-05-14 21:10:36] [INFO]: Aprobada: Parcialmente superada
[2025-05-14 21:10:36] [INFO]: Expliación: El repositorio parece usar iteraciones, pero podría mejorar en: Pull Requests con Milestones.
[2025-05-14 21:10:36] [INFO]: Detalles: [object Object],[object Object],[object Object],[object Object]
[2025-05-14 21:10:36] [INFO]: Regla: DevOps - Automated Build
[2025-05-14 21:10:36] [INFO]: Descripción: El repositorio incluye ficheros workflows de GitHub Actions que automaticen el desarrollo.
[2025-05-14 21:10:36] [INFO]: Aprobada: Cero
[2025-05-14 21:10:36] [INFO]: Expliación: El repositorio no usa ningún fichero workflow de GitHub Actions, por lo que no hay ningún tipo de automatización
[2025-05-14 21:10:36] [INFO]: Detalles: [object Object]
[2025-05-14 21:10:36] [INFO]: Regla: DevOps - Version Control
[2025-05-14 21:10:36] [INFO]: Descripción: El repositorio aprovecha en todo lo posible las herramientas de GitHub para el control de versiones. Hay commits frecuentemente y estos contienen buenas características como descripción y referencias
[2025-05-14 21:10:36] [INFO]: Aprobada: Parcialmente superada
[2025-05-14 21:10:36] [INFO]: Expliación: El repositorio parece usar commits y un control de versiones, pero podría mejorar en: Porcentaje de commits con título personalizado, Porcentaje de commits con referencias.
[2025-05-14 21:10:36] [INFO]: Detalles: [object Object],[object Object],[object Object],[object Object]
[2025-05-14 21:10:36] [INFO]: Regla: DevOps, Extreme Programming - Continuous integration
[2025-05-14 21:10:36] [INFO]: Descripción: El repositorio tiene señales de integración continua activa. Se cierran Pull Requests de forma consistente a lo largo del tiempo y los ficheros workflow se ejecutan con éxito frecuentemente
[2025-05-14 21:10:36] [INFO]: Aprobada: Parcialmente superada
[2025-05-14 21:10:36] [INFO]: Expliación: El repositorio parece usar integración continua, pero podría mejorar en: Frecuencia de ejecución de los ficheros workflow, Porcentaje de éxito de los ficheros workflow.
[2025-05-14 21:10:36] [INFO]: Detalles: [object Object],[object Object],[object Object]
[2025-05-14 21:10:36] [INFO]: Regla: Scrum - Definition of Done
[2025-05-14 21:10:36] [INFO]: Descripción: Se cierran las Issues de forma correcta y consistente
[2025-05-14 21:10:36] [INFO]: Aprobada: Suspendida
[2025-05-14 21:10:36] [INFO]: Expliación: Hay muchas tareas sin cerrar o se reabren con demasiada frecuencia, lo cual indica que no se respeta una definición clara de "Done".
[2025-05-14 21:10:36] [INFO]: Detalles: [object Object],[object Object],[object Object]
[2025-05-14 21:10:36] [INFO]: Regla: Scrum - Backlog Quality
[2025-05-14 21:10:36] [INFO]: Descripción: El repositorio incluye numerosas issues y de calidad para formar el backlog del proyecto.
[2025-05-14 21:10:36] [INFO]: Aprobada: Parcialmente superada
[2025-05-14 21:10:36] [INFO]: Expliación: El backlog podría mejorar en: Número total de Issues, Número total de Issues cerradas, Porcentaje de Issues con personas asignadas.
[2025-05-14 21:10:36] [INFO]: Detalles: [object Object],[object Object],[object Object],[object Object],[object Object],[object Object]
[2025-05-14 21:10:36] [INFO]: Regla: Extreme Programming - Velocity
[2025-05-14 21:10:36] [INFO]: Descripción: El repositorio tiene indicios de medición de velocidad de trabajo mediante un buen ritmo de cierre de issues.
[2025-05-14 21:10:36] [INFO]: Aprobada: Superada
[2025-05-14 21:10:36] [INFO]: Expliación: El repositorio mantiene la velocidad de trabajo mediante el cierre frecuente de issues.
[2025-05-14 21:10:36] [INFO]: Detalles: 
[2025-05-14 21:10:36] [INFO]: Regla: Extreme Programming - Frequent Releases
[2025-05-14 21:10:36] [INFO]: Descripción: El repositorio incluye Releases y se van creando nuevas cada cierto tiempo.
[2025-05-14 21:10:36] [INFO]: Aprobada: Parcialmente superada
[2025-05-14 21:10:36] [INFO]: Expliación: El repositorio tiene Releases, pero podría mejorar en: Número de Releases.
[2025-05-14 21:10:36] [INFO]: Detalles: [object Object],[object Object]
[2025-05-14 21:10:36] [INFO]: Regla: Extreme Programming - Collective Ownership
[2025-05-14 21:10:36] [INFO]: Descripción: Todos los miembros del equipo modifican de forma activa cualquier parte del repositorio. Todos se encargan de todo: hacer Commits, Issues, Pull Requests...
[2025-05-14 21:10:36] [INFO]: Aprobada: Parcialmente superada
[2025-05-14 21:10:36] [INFO]: Expliación: Hay indicios de colaboración, pero podría mejorar en: Número de participantes, Porcentaje de participación en Commits.
[2025-05-14 21:10:36] [INFO]: Detalles: [object Object],[object Object],[object Object],[object Object],[object Object],[object Object]
[2025-05-14 21:10:36] [INFO]: Regla: Extreme Programming - Pair Programming
[2025-05-14 21:10:36] [INFO]: Descripción: Los miembros del repositorio practican la programación por parejas.
[2025-05-14 21:10:36] [INFO]: Aprobada: Parcialmente superada
[2025-05-14 21:10:36] [INFO]: Expliación: Hay algunos indicios de colaboración, pero podría mejorar en: Commits colaborativos (menciones en mensajes), Pull Requests colaborativos (menciones), Releases colaborativas (menciones).
[2025-05-14 21:10:36] [INFO]: Detalles: [object Object],[object Object],[object Object],[object Object]
[2025-05-14 21:11:17] [INFO]: Fecha del primer commit: Sun Mar 02 2025 21:25:39 GMT+0100 (hora estándar de Europa central)
[2025-05-14 21:11:17] [INFO]: Fecha del final commit: Tue May 13 2025 20:49:48 GMT+0200 (hora de verano de Europa central)
[2025-05-14 21:11:17] [INFO]: Dueño del repositorio: lod1004
[2025-05-14 21:11:17] [INFO]: Título del repositorio: GII-TFG-Asistente-de-Buenas-Practicas-para-Proyectos-en-GitHub
[2025-05-14 21:11:17] [INFO]: Fecha de inicio: Sun Mar 02 2025 21:25:39 GMT+0100 (hora estándar de Europa central)
[2025-05-14 21:11:17] [INFO]: Fecha de fin: Tue May 13 2025 20:49:48 GMT+0200 (hora de verano de Europa central)
[2025-05-14 21:11:26] [INFO]: Servidor corriendo en http://localhost:5000
[2025-05-14 21:11:27] [ERROR]: Error al enviar index.html: ENOENT: no such file or directory, stat 'C:\proyectos\GII-TFG-Asistente-de-Buenas-Practicas-para-Proyectos-en-GitHub\src\backend\frontend\dist\frontend\browser\index.html'
[2025-05-14 21:11:27] [INFO]: Conectado a MongoDB
[2025-05-14 21:11:32] [INFO]: Fecha del primer commit: Sun Mar 02 2025 21:25:39 GMT+0100 (hora estándar de Europa central)
[2025-05-14 21:11:32] [INFO]: Fecha del final commit: Tue May 13 2025 20:49:48 GMT+0200 (hora de verano de Europa central)
[2025-05-14 21:11:32] [INFO]: Dueño del repositorio: lod1004
[2025-05-14 21:11:32] [INFO]: Título del repositorio: GII-TFG-Asistente-de-Buenas-Practicas-para-Proyectos-en-GitHub
[2025-05-14 21:11:32] [INFO]: Fecha de inicio: Sun Mar 02 2025 21:25:39 GMT+0100 (hora estándar de Europa central)
[2025-05-14 21:11:32] [INFO]: Fecha de fin: Tue May 13 2025 20:49:48 GMT+0200 (hora de verano de Europa central)
[2025-05-14 21:11:42] [INFO]: Issues abiertas: 5
[2025-05-14 21:11:42] [INFO]: Issues cerradas: 34
[2025-05-14 21:11:42] [INFO]: Total Issues (abiertas + cerradas): 39
[2025-05-14 21:11:42] [INFO]: Media de Issues cerradas (cada 15 días): 6.80
[2025-05-14 21:11:42] [INFO]: Tiempo medio de cierre de Issues (en días): 10.76
[2025-05-14 21:11:42] [INFO]: % Issues con descripción: 100.00
[2025-05-14 21:11:42] [INFO]: % Issues con imágenes: 33.33
[2025-05-14 21:11:42] [INFO]: % Issues con comentarios: 87.18
[2025-05-14 21:11:42] [INFO]: % Issues con personas asignadas: 92.31
[2025-05-14 21:11:42] [INFO]: % Issues con etiquetas: 100.00
[2025-05-14 21:11:42] [INFO]: % Issues con milestone: 43.59
[2025-05-14 21:11:42] [INFO]: % Issues con Story Points: 0.00
[2025-05-14 21:11:42] [INFO]: % Issues reabiertas: 12.82
[2025-05-14 21:11:42] [INFO]: % Issues colaborativas: 12.82
[2025-05-14 21:11:42] [INFO]: Usuarios que participaron en Issues: [object Object],[object Object]
[2025-05-14 21:11:42] [INFO]: Total de Commits: 52
[2025-05-14 21:11:42] [INFO]: % Commits con título personalizado: 69.23
[2025-05-14 21:11:42] [INFO]: % Commits con descripción: 71.15
[2025-05-14 21:11:42] [INFO]: % Commits con referencias a Issues o Pull Requests: 42.31
[2025-05-14 21:11:42] [INFO]: % Commits colaborativos: 0.00
[2025-05-14 21:11:42] [INFO]: Media de Commits (cada 15 días): 10.40
[2025-05-14 21:11:42] [INFO]: Usuarios que participaron en Commits: [object Object]
[2025-05-14 21:11:43] [INFO]: Pull requests abiertas: 0
[2025-05-14 21:11:43] [INFO]: Pull requests cerradas: 2
[2025-05-14 21:11:43] [INFO]: % PRs con reviewers: 0.00
[2025-05-14 21:11:43] [INFO]: % PRs con assignees: 50.00
[2025-05-14 21:11:43] [INFO]: % PRs con labels: 50.00
[2025-05-14 21:11:43] [INFO]: % PRs con milestone: 0.00
[2025-05-14 21:11:43] [INFO]: % PRs colaborativas: 0.00
[2025-05-14 21:11:43] [INFO]: Media de PRs (cada 15 días): 0.40
[2025-05-14 21:11:43] [INFO]: Usuarios que participaron en PRs: [object Object]
[2025-05-14 21:11:43] [INFO]: No se encontraron workflows en .github/workflows.
[2025-05-14 21:11:43] [INFO]: Total de Releases: 1
[2025-05-14 21:11:43] [INFO]: Total de tags: 1
[2025-05-14 21:11:43] [INFO]: % Releases con descripción: 100.00
[2025-05-14 21:11:43] [INFO]: % Releases colaborativas: 0.00
[2025-05-14 21:11:43] [INFO]: Media de Releases (cada 15 días): 0.20
[2025-05-14 21:11:43] [INFO]: Usuarios que participaron en Releases: [object Object]
[2025-05-14 21:11:44] [INFO]: Total de participantes únicos: 2
[2025-05-14 21:11:44] [INFO]: Porcentaje de participación en Issues: 100.00
[2025-05-14 21:11:44] [INFO]: Porcentaje de participación en Commits: 50.00
[2025-05-14 21:11:44] [INFO]: Porcentaje de participación en PRs: 50.00
[2025-05-14 21:11:44] [INFO]: Porcentaje de participación en Releases: 50.00
[2025-05-14 21:11:44] [INFO]: Media de actividad por usuario (cada 15 días): 18.50
[2025-05-14 21:11:45] [INFO]: Fecha del primer commit: Sat Oct 23 2021 19:25:56 GMT+0200 (hora de verano de Europa central)
[2025-05-14 21:11:45] [INFO]: Fecha del final commit: Wed Jun 15 2022 13:40:09 GMT+0200 (hora de verano de Europa central)
[2025-05-14 21:11:45] [INFO]: Dueño del repositorio: Joaquin-GM
[2025-05-14 21:11:45] [INFO]: Título del repositorio: GII_O_MA_19.07-Comparador-de-metricas-de-evolucion-en-repositorios-Software
[2025-05-14 21:11:45] [INFO]: Fecha de inicio: Sat Oct 23 2021 19:25:56 GMT+0200 (hora de verano de Europa central)
[2025-05-14 21:11:45] [INFO]: Fecha de fin: Wed Jun 15 2022 13:40:09 GMT+0200 (hora de verano de Europa central)
[2025-05-14 21:12:06] [INFO]: Issues abiertas: 0
[2025-05-14 21:12:06] [INFO]: Issues cerradas: 88
[2025-05-14 21:12:06] [INFO]: Total Issues (abiertas + cerradas): 88
[2025-05-14 21:12:06] [INFO]: Media de Issues cerradas (cada 15 días): 5.50
[2025-05-14 21:12:06] [INFO]: Tiempo medio de cierre de Issues (en días): 66.06
[2025-05-14 21:12:06] [INFO]: % Issues con descripción: 47.73
[2025-05-14 21:12:06] [INFO]: % Issues con imágenes: 13.64
[2025-05-14 21:12:06] [INFO]: % Issues con comentarios: 28.41
[2025-05-14 21:12:06] [INFO]: % Issues con personas asignadas: 100.00
[2025-05-14 21:12:06] [INFO]: % Issues con etiquetas: 100.00
[2025-05-14 21:12:06] [INFO]: % Issues con milestone: 1.14
[2025-05-14 21:12:06] [INFO]: % Issues con Story Points: 0.00
[2025-05-14 21:12:06] [INFO]: % Issues reabiertas: 6.82
[2025-05-14 21:12:06] [INFO]: % Issues colaborativas: 1.14
[2025-05-14 21:12:06] [INFO]: Usuarios que participaron en Issues: [object Object],[object Object]
[2025-05-14 21:12:07] [INFO]: Total de Commits: 100
[2025-05-14 21:12:07] [INFO]: % Commits con título personalizado: 97.00
[2025-05-14 21:12:07] [INFO]: % Commits con descripción: 0.00
[2025-05-14 21:12:07] [INFO]: % Commits con referencias a Issues o Pull Requests: 57.00
[2025-05-14 21:12:07] [INFO]: % Commits colaborativos: 0.00
[2025-05-14 21:12:07] [INFO]: Media de Commits (cada 15 días): 6.25
[2025-05-14 21:12:07] [INFO]: Usuarios que participaron en Commits: [object Object],[object Object],[object Object]
[2025-05-14 21:12:07] [INFO]: No hay pull requests en el repositorio.
[2025-05-14 21:12:08] [INFO]: Workflows creados dentro del rango: 1
[2025-05-14 21:12:08] [INFO]: Ejecuciones totales de workflows: 0
[2025-05-14 21:12:08] [INFO]: Workflows exitosos: 0.00%
[2025-05-14 21:12:08] [INFO]: Frecuencia media de ejecución: 0 días
[2025-05-14 21:12:09] [INFO]: Total de Releases: 3
[2025-05-14 21:12:09] [INFO]: Total de tags: 3
[2025-05-14 21:12:09] [INFO]: % Releases con descripción: 100.00
[2025-05-14 21:12:09] [INFO]: % Releases colaborativas: 0.00
[2025-05-14 21:12:09] [INFO]: Media de Releases (cada 15 días): 0.19
[2025-05-14 21:12:09] [INFO]: Usuarios que participaron en Releases: [object Object]
[2025-05-14 21:12:09] [INFO]: Total de participantes únicos: 3
[2025-05-14 21:12:09] [INFO]: Porcentaje de participación en Issues: 66.67
[2025-05-14 21:12:09] [INFO]: Porcentaje de participación en Commits: 100.00
[2025-05-14 21:12:09] [INFO]: Porcentaje de participación en PRs: 0.00
[2025-05-14 21:12:09] [INFO]: Porcentaje de participación en Releases: 33.33
[2025-05-14 21:12:09] [INFO]: Media de actividad por usuario (cada 15 días): 6.46
[2025-05-14 21:12:10] [INFO]: Regla: Scrum, Extreme Programming - Iteraciones
[2025-05-14 21:12:10] [INFO]: Descripción: El repositorio se está desarrollando mediante iteraciones o Sprints
[2025-05-14 21:12:10] [INFO]: Aprobada: Parcialmente superada
[2025-05-14 21:12:10] [INFO]: Expliación: El repositorio parece usar iteraciones, pero podría mejorar en: Pull Requests con Milestones.
[2025-05-14 21:12:10] [INFO]: Detalles: [object Object],[object Object],[object Object],[object Object]
[2025-05-14 21:12:10] [INFO]: Regla: DevOps - Automated Build
[2025-05-14 21:12:10] [INFO]: Descripción: El repositorio incluye ficheros workflows de GitHub Actions que automaticen el desarrollo.
[2025-05-14 21:12:10] [INFO]: Aprobada: Cero
[2025-05-14 21:12:10] [INFO]: Expliación: El repositorio no usa ningún fichero workflow de GitHub Actions, por lo que no hay ningún tipo de automatización
[2025-05-14 21:12:10] [INFO]: Detalles: [object Object]
[2025-05-14 21:12:10] [INFO]: Regla: DevOps - Version Control
[2025-05-14 21:12:10] [INFO]: Descripción: El repositorio aprovecha en todo lo posible las herramientas de GitHub para el control de versiones. Hay commits frecuentemente y estos contienen buenas características como descripción y referencias
[2025-05-14 21:12:10] [INFO]: Aprobada: Parcialmente superada
[2025-05-14 21:12:10] [INFO]: Expliación: El repositorio parece usar commits y un control de versiones, pero podría mejorar en: Porcentaje de commits con título personalizado, Porcentaje de commits con referencias.
[2025-05-14 21:12:10] [INFO]: Detalles: [object Object],[object Object],[object Object],[object Object]
[2025-05-14 21:12:10] [INFO]: Regla: DevOps, Extreme Programming - Continuous integration
[2025-05-14 21:12:10] [INFO]: Descripción: El repositorio tiene señales de integración continua activa. Se cierran Pull Requests de forma consistente a lo largo del tiempo y los ficheros workflow se ejecutan con éxito frecuentemente
[2025-05-14 21:12:10] [INFO]: Aprobada: Parcialmente superada
[2025-05-14 21:12:10] [INFO]: Expliación: El repositorio parece usar integración continua, pero podría mejorar en: Frecuencia de ejecución de los ficheros workflow, Porcentaje de éxito de los ficheros workflow.
[2025-05-14 21:12:10] [INFO]: Detalles: [object Object],[object Object],[object Object]
[2025-05-14 21:12:10] [INFO]: Regla: Scrum - Definition of Done
[2025-05-14 21:12:10] [INFO]: Descripción: Se cierran las Issues de forma correcta y consistente
[2025-05-14 21:12:10] [INFO]: Aprobada: Suspendida
[2025-05-14 21:12:10] [INFO]: Expliación: Hay muchas tareas sin cerrar o se reabren con demasiada frecuencia, lo cual indica que no se respeta una definición clara de "Done".
[2025-05-14 21:12:10] [INFO]: Detalles: [object Object],[object Object],[object Object]
[2025-05-14 21:12:10] [INFO]: Regla: Scrum - Backlog Quality
[2025-05-14 21:12:10] [INFO]: Descripción: El repositorio incluye numerosas issues y de calidad para formar el backlog del proyecto.
[2025-05-14 21:12:10] [INFO]: Aprobada: Parcialmente superada
[2025-05-14 21:12:10] [INFO]: Expliación: El backlog podría mejorar en: Número total de Issues, Número total de Issues cerradas, Porcentaje de Issues con personas asignadas.
[2025-05-14 21:12:10] [INFO]: Detalles: [object Object],[object Object],[object Object],[object Object],[object Object],[object Object]
[2025-05-14 21:12:10] [INFO]: Regla: Extreme Programming - Velocity
[2025-05-14 21:12:10] [INFO]: Descripción: El repositorio tiene indicios de medición de velocidad de trabajo mediante un buen ritmo de cierre de issues.
[2025-05-14 21:12:10] [INFO]: Aprobada: Superada
[2025-05-14 21:12:10] [INFO]: Expliación: El repositorio mantiene la velocidad de trabajo mediante el cierre frecuente de issues.
[2025-05-14 21:12:10] [INFO]: Detalles: 
[2025-05-14 21:12:10] [INFO]: Regla: Extreme Programming - Frequent Releases
[2025-05-14 21:12:10] [INFO]: Descripción: El repositorio incluye Releases y se van creando nuevas cada cierto tiempo.
[2025-05-14 21:12:10] [INFO]: Aprobada: Parcialmente superada
[2025-05-14 21:12:10] [INFO]: Expliación: El repositorio tiene Releases, pero podría mejorar en: Número de Releases.
[2025-05-14 21:12:10] [INFO]: Detalles: [object Object],[object Object]
[2025-05-14 21:12:10] [INFO]: Regla: Extreme Programming - Collective Ownership
[2025-05-14 21:12:10] [INFO]: Descripción: Todos los miembros del equipo modifican de forma activa cualquier parte del repositorio. Todos se encargan de todo: hacer Commits, Issues, Pull Requests...
[2025-05-14 21:12:10] [INFO]: Aprobada: Parcialmente superada
[2025-05-14 21:12:10] [INFO]: Expliación: Hay indicios de colaboración, pero podría mejorar en: Número de participantes, Porcentaje de participación en Commits.
[2025-05-14 21:12:10] [INFO]: Detalles: [object Object],[object Object],[object Object],[object Object],[object Object],[object Object]
[2025-05-14 21:12:10] [INFO]: Regla: Extreme Programming - Pair Programming
[2025-05-14 21:12:10] [INFO]: Descripción: Los miembros del repositorio practican la programación por parejas.
[2025-05-14 21:12:10] [INFO]: Aprobada: Parcialmente superada
[2025-05-14 21:12:10] [INFO]: Expliación: Hay algunos indicios de colaboración, pero podría mejorar en: Commits colaborativos (menciones en mensajes), Pull Requests colaborativos (menciones), Releases colaborativas (menciones).
[2025-05-14 21:12:10] [INFO]: Detalles: [object Object],[object Object],[object Object],[object Object]
