[2025-06-01 01:22:41] [INFO]: Servidor backend corriendo en http://localhost:5000
[2025-06-01 01:22:41] [INFO]: Conectado a MongoDB
[2025-06-01 01:23:23] [INFO]: Sesión iniciada correctamente
[2025-06-01 01:23:57] [ERROR]: URL malformada o no válida: https://github.com/lod1004/GII-TFG-Asistente-de-practicas-agiles-para-repositorios-en-GitHub/issues
[2025-06-01 01:24:13] [INFO]: Verificando acceso a: https://api.github.com/repos/lod1004/GII-TFG-Asistente-de-Buenas-Practicas-para-Proyectos-en-GitHub
[2025-06-01 01:24:14] [INFO]: Verificando acceso a: https://api.github.com/repos/fps1001/TFGII_FPisot
[2025-06-01 01:24:14] [INFO]: Verificando acceso a: https://api.github.com/repos/Joaquin-GM/GII_O_MA_19.07-Comparador-de-metricas-de-evolucion-en-repositorios-Software
[2025-06-01 01:24:15] [INFO]: Dueño del repositorio: lod1004
[2025-06-01 01:24:15] [INFO]: Título del repositorio: GII-TFG-Asistente-de-Buenas-Practicas-para-Proyectos-en-GitHub
[2025-06-01 01:24:16] [INFO]: Fecha del primer commit: Sun Mar 02 2025 21:25:39 GMT+0100 (hora estándar de Europa central)
[2025-06-01 01:24:16] [INFO]: Fecha del final commit: Fri May 30 2025 23:15:09 GMT+0200 (hora de verano de Europa central)
[2025-06-01 01:24:16] [INFO]: Fecha de inicio: Sun Mar 02 2025 21:25:39 GMT+0100 (hora estándar de Europa central)
[2025-06-01 01:24:16] [INFO]: Fecha de fin: Fri May 30 2025 23:15:09 GMT+0200 (hora de verano de Europa central)
[2025-06-01 01:24:51] [INFO]: Issues abiertas: 6
[2025-06-01 01:24:51] [INFO]: Issues cerradas: 54
[2025-06-01 01:24:51] [INFO]: Total Issues (abiertas + cerradas): 60
[2025-06-01 01:24:51] [INFO]: Media de Issues cerradas (cada 15 días): 9.00
[2025-06-01 01:24:51] [INFO]: Tiempo medio de cierre de Issues (en días): 8.75
[2025-06-01 01:24:51] [INFO]: % Issues con descripción: 100.00
[2025-06-01 01:24:51] [INFO]: % Issues con imágenes: 35.00
[2025-06-01 01:24:51] [INFO]: % Issues con comentarios: 88.33
[2025-06-01 01:24:51] [INFO]: % Issues con personas asignadas: 95.00
[2025-06-01 01:24:51] [INFO]: % Issues con etiquetas: 100.00
[2025-06-01 01:24:51] [INFO]: % Issues con milestone: 61.67
[2025-06-01 01:24:51] [INFO]: % Issues con Story Points: 0.00
[2025-06-01 01:24:51] [INFO]: % Issues reabiertas: 10.00
[2025-06-01 01:24:51] [INFO]: % Issues colaborativas: 10.00
[2025-06-01 01:24:51] [INFO]: Usuarios que participaron en Issues: [object Object],[object Object]
[2025-06-01 01:24:51] [INFO]: Total de Commits: 78
[2025-06-01 01:24:51] [INFO]: % Commits con título personalizado: 78.21
[2025-06-01 01:24:51] [INFO]: % Commits con descripción: 70.51
[2025-06-01 01:24:51] [INFO]: % Commits con referencias a Issues o Pull Requests: 44.87
[2025-06-01 01:24:51] [INFO]: % Commits colaborativos: 0.00
[2025-06-01 01:24:51] [INFO]: Media de Commits (cada 15 días): 13.00
[2025-06-01 01:24:51] [INFO]: Usuarios que participaron en Commits: [object Object]
[2025-06-01 01:24:52] [INFO]: Pull requests abiertas: 0
[2025-06-01 01:24:52] [INFO]: Pull requests cerradas: 2
[2025-06-01 01:24:52] [INFO]: % PRs con reviewers: 0.00
[2025-06-01 01:24:52] [INFO]: % PRs con assignees: 50.00
[2025-06-01 01:24:52] [INFO]: % PRs con labels: 50.00
[2025-06-01 01:24:52] [INFO]: % PRs con milestone: 0.00
[2025-06-01 01:24:52] [INFO]: % PRs colaborativas: 0.00
[2025-06-01 01:24:52] [INFO]: Media de PRs (cada 15 días): 0.33
[2025-06-01 01:24:52] [INFO]: Usuarios que participaron en PRs: [object Object]
[2025-06-01 01:24:53] [INFO]: No se encontraron workflows en .github/workflows.
[2025-06-01 01:24:54] [INFO]: Total de Releases: 1
[2025-06-01 01:24:54] [INFO]: Total de tags: 1
[2025-06-01 01:24:54] [INFO]: % Releases con descripción: 100.00
[2025-06-01 01:24:54] [INFO]: % Releases colaborativas: 0.00
[2025-06-01 01:24:54] [INFO]: Media de Releases (cada 15 días): 0.17
[2025-06-01 01:24:54] [INFO]: Usuarios que participaron en Releases: [object Object]
[2025-06-01 01:24:54] [INFO]: Total de participantes únicos: 2
[2025-06-01 01:24:54] [INFO]: Porcentaje de participación en Issues: 100.00
[2025-06-01 01:24:54] [INFO]: Porcentaje de participación en Commits: 50.00
[2025-06-01 01:24:54] [INFO]: Porcentaje de participación en PRs: 50.00
[2025-06-01 01:24:54] [INFO]: Porcentaje de participación en Releases: 50.00
[2025-06-01 01:24:54] [INFO]: Media de actividad por usuario (cada 15 días): 24.17
[2025-06-01 01:24:56] [INFO]: Dueño del repositorio: fps1001
[2025-06-01 01:24:56] [INFO]: Título del repositorio: TFGII_FPisot
[2025-06-01 01:24:56] [INFO]: Fecha del primer commit: Sat Jul 20 2024 18:54:00 GMT+0200 (hora de verano de Europa central)
[2025-06-01 01:24:56] [INFO]: Fecha del final commit: Wed Jan 15 2025 19:52:02 GMT+0100 (hora estándar de Europa central)
[2025-06-01 01:24:56] [INFO]: Fecha de inicio: Sat Jul 20 2024 18:54:00 GMT+0200 (hora de verano de Europa central)
[2025-06-01 01:24:56] [INFO]: Fecha de fin: Wed Jan 15 2025 19:52:02 GMT+0100 (hora estándar de Europa central)
[2025-06-01 01:25:18] [INFO]: Issues abiertas: 0
[2025-06-01 01:25:18] [INFO]: Issues cerradas: 85
[2025-06-01 01:25:18] [INFO]: Total Issues (abiertas + cerradas): 85
[2025-06-01 01:25:18] [INFO]: Media de Issues cerradas (cada 15 días): 7.08
[2025-06-01 01:25:18] [INFO]: Tiempo medio de cierre de Issues (en días): 9.82
[2025-06-01 01:25:18] [INFO]: % Issues con descripción: 100.00
[2025-06-01 01:25:18] [INFO]: % Issues con imágenes: 25.88
[2025-06-01 01:25:18] [INFO]: % Issues con comentarios: 60.00
[2025-06-01 01:25:18] [INFO]: % Issues con personas asignadas: 98.82
[2025-06-01 01:25:18] [INFO]: % Issues con etiquetas: 97.65
[2025-06-01 01:25:18] [INFO]: % Issues con milestone: 62.35
[2025-06-01 01:25:18] [INFO]: % Issues con Story Points: 0.00
[2025-06-01 01:25:18] [INFO]: % Issues reabiertas: 0.00
[2025-06-01 01:25:18] [INFO]: % Issues colaborativas: 17.65
[2025-06-01 01:25:18] [INFO]: Usuarios que participaron en Issues: [object Object],[object Object]
[2025-06-01 01:25:19] [INFO]: Total de Commits: 320
[2025-06-01 01:25:19] [INFO]: % Commits con título personalizado: 99.38
[2025-06-01 01:25:19] [INFO]: % Commits con descripción: 3.75
[2025-06-01 01:25:19] [INFO]: % Commits con referencias a Issues o Pull Requests: 91.25
[2025-06-01 01:25:19] [INFO]: % Commits colaborativos: 2.19
[2025-06-01 01:25:19] [INFO]: Media de Commits (cada 15 días): 26.67
[2025-06-01 01:25:19] [INFO]: Usuarios que participaron en Commits: [object Object]
[2025-06-01 01:25:19] [INFO]: Pull requests abiertas: 0
[2025-06-01 01:25:19] [INFO]: Pull requests cerradas: 1
[2025-06-01 01:25:19] [INFO]: % PRs con reviewers: 0.00
[2025-06-01 01:25:19] [INFO]: % PRs con assignees: 100.00
[2025-06-01 01:25:19] [INFO]: % PRs con labels: 0.00
[2025-06-01 01:25:19] [INFO]: % PRs con milestone: 100.00
[2025-06-01 01:25:19] [INFO]: % PRs colaborativas: 0.00
[2025-06-01 01:25:19] [INFO]: Media de PRs (cada 15 días): 0.08
[2025-06-01 01:25:19] [INFO]: Usuarios que participaron en PRs: [object Object]
[2025-06-01 01:25:20] [INFO]: Workflows creados dentro del rango: 4
[2025-06-01 01:25:25] [INFO]: Ejecuciones totales de workflows: 139
[2025-06-01 01:25:25] [INFO]: Workflows exitosos: 58.27%
[2025-06-01 01:25:25] [INFO]: Frecuencia media de ejecución: 0.72 días
[2025-06-01 01:25:25] [INFO]: Total de Releases: 7
[2025-06-01 01:25:25] [INFO]: Total de tags: 7
[2025-06-01 01:25:25] [INFO]: % Releases con descripción: 100.00
[2025-06-01 01:25:25] [INFO]: % Releases colaborativas: 0.00
[2025-06-01 01:25:25] [INFO]: Media de Releases (cada 15 días): 0.58
[2025-06-01 01:25:25] [INFO]: Usuarios que participaron en Releases: [object Object]
[2025-06-01 01:25:25] [INFO]: Total de participantes únicos: 2
[2025-06-01 01:25:25] [INFO]: Porcentaje de participación en Issues: 100.00
[2025-06-01 01:25:25] [INFO]: Porcentaje de participación en Commits: 50.00
[2025-06-01 01:25:25] [INFO]: Porcentaje de participación en PRs: 50.00
[2025-06-01 01:25:25] [INFO]: Porcentaje de participación en Releases: 50.00
[2025-06-01 01:25:25] [INFO]: Media de actividad por usuario (cada 15 días): 26.92
[2025-06-01 01:25:26] [INFO]: Dueño del repositorio: Joaquin-GM
[2025-06-01 01:25:26] [INFO]: Título del repositorio: GII_O_MA_19.07-Comparador-de-metricas-de-evolucion-en-repositorios-Software
[2025-06-01 01:25:26] [INFO]: Fecha del primer commit: Sat Oct 23 2021 19:25:56 GMT+0200 (hora de verano de Europa central)
[2025-06-01 01:25:26] [INFO]: Fecha del final commit: Wed Jun 15 2022 13:40:09 GMT+0200 (hora de verano de Europa central)
[2025-06-01 01:25:26] [INFO]: Fecha de inicio: Sat Oct 23 2021 19:25:56 GMT+0200 (hora de verano de Europa central)
[2025-06-01 01:25:26] [INFO]: Fecha de fin: Wed Jun 15 2022 13:40:09 GMT+0200 (hora de verano de Europa central)
[2025-06-01 01:25:47] [INFO]: Issues abiertas: 0
[2025-06-01 01:25:47] [INFO]: Issues cerradas: 88
[2025-06-01 01:25:47] [INFO]: Total Issues (abiertas + cerradas): 88
[2025-06-01 01:25:47] [INFO]: Media de Issues cerradas (cada 15 días): 5.50
[2025-06-01 01:25:47] [INFO]: Tiempo medio de cierre de Issues (en días): 66.06
[2025-06-01 01:25:47] [INFO]: % Issues con descripción: 47.73
[2025-06-01 01:25:47] [INFO]: % Issues con imágenes: 13.64
[2025-06-01 01:25:47] [INFO]: % Issues con comentarios: 28.41
[2025-06-01 01:25:47] [INFO]: % Issues con personas asignadas: 100.00
[2025-06-01 01:25:47] [INFO]: % Issues con etiquetas: 100.00
[2025-06-01 01:25:47] [INFO]: % Issues con milestone: 1.14
[2025-06-01 01:25:47] [INFO]: % Issues con Story Points: 0.00
[2025-06-01 01:25:47] [INFO]: % Issues reabiertas: 6.82
[2025-06-01 01:25:47] [INFO]: % Issues colaborativas: 1.14
[2025-06-01 01:25:47] [INFO]: Usuarios que participaron en Issues: [object Object],[object Object]
[2025-06-01 01:25:48] [INFO]: Total de Commits: 100
[2025-06-01 01:25:48] [INFO]: % Commits con título personalizado: 97.00
[2025-06-01 01:25:48] [INFO]: % Commits con descripción: 0.00
[2025-06-01 01:25:48] [INFO]: % Commits con referencias a Issues o Pull Requests: 57.00
[2025-06-01 01:25:48] [INFO]: % Commits colaborativos: 0.00
[2025-06-01 01:25:48] [INFO]: Media de Commits (cada 15 días): 6.25
[2025-06-01 01:25:48] [INFO]: Usuarios que participaron en Commits: [object Object],[object Object],[object Object]
[2025-06-01 01:25:48] [INFO]: No hay pull requests en el repositorio.
[2025-06-01 01:25:48] [INFO]: Workflows creados dentro del rango: 1
[2025-06-01 01:25:49] [INFO]: Ejecuciones totales de workflows: 0
[2025-06-01 01:25:49] [INFO]: Workflows exitosos: 0.00%
[2025-06-01 01:25:49] [INFO]: Frecuencia media de ejecución: 0 días
[2025-06-01 01:25:49] [INFO]: Total de Releases: 3
[2025-06-01 01:25:49] [INFO]: Total de tags: 3
[2025-06-01 01:25:49] [INFO]: % Releases con descripción: 100.00
[2025-06-01 01:25:49] [INFO]: % Releases colaborativas: 0.00
[2025-06-01 01:25:49] [INFO]: Media de Releases (cada 15 días): 0.19
[2025-06-01 01:25:49] [INFO]: Usuarios que participaron en Releases: [object Object]
[2025-06-01 01:25:49] [INFO]: Total de participantes únicos: 3
[2025-06-01 01:25:49] [INFO]: Porcentaje de participación en Issues: 66.67
[2025-06-01 01:25:49] [INFO]: Porcentaje de participación en Commits: 100.00
[2025-06-01 01:25:49] [INFO]: Porcentaje de participación en PRs: 0.00
[2025-06-01 01:25:49] [INFO]: Porcentaje de participación en Releases: 33.33
[2025-06-01 01:25:49] [INFO]: Media de actividad por usuario (cada 15 días): 6.46
[2025-06-01 01:25:50] [INFO]: Regla: Scrum, Extreme Programming - Iteraciones
[2025-06-01 01:25:50] [INFO]: Descripción: El repositorio se está desarrollando mediante iteraciones o Sprints. Esto es extremadamente útil para asignar tareas y lograr un desarrollo eficiente
[2025-06-01 01:25:50] [INFO]: Aprobada: Parcialmente superada
[2025-06-01 01:25:50] [INFO]: Expliación: El repositorio parece usar iteraciones, pero podría mejorar en: Porcentaje de Pull Requests con Milestones, Media de Releases subidas cada 15 días.
[2025-06-01 01:25:50] [INFO]: Detalles: [object Object],[object Object],[object Object],[object Object]
[2025-06-01 01:25:50] [INFO]: Regla: DevOps - Automated Build
[2025-06-01 01:25:50] [INFO]: Descripción: El repositorio incluye ficheros workflows de GitHub Actions que automaticen el desarrollo, ahorrando bastante tiempo de desarrollo y testing.
[2025-06-01 01:25:50] [INFO]: Aprobada: Sin aplicar
[2025-06-01 01:25:50] [INFO]: Expliación: El repositorio no usa ningún fichero workflow de GitHub Actions, por lo que no hay ningún tipo de automatización
[2025-06-01 01:25:50] [INFO]: Detalles: [object Object]
[2025-06-01 01:25:50] [INFO]: Regla: DevOps - Version Control
[2025-06-01 01:25:50] [INFO]: Descripción: El repositorio aprovecha en todo lo posible las herramientas de GitHub para el control de versiones. Hay Commits frecuentemente y estos contienen buenas características como descripción y referencias. Esto permite saber en cada Commit qué cambió y por qué, facilitando el volver a versiones anteriores en caso de error
[2025-06-01 01:25:50] [INFO]: Aprobada: Parcialmente superada
[2025-06-01 01:25:50] [INFO]: Expliación: El repositorio parece usar Commits y un control de versiones, pero podría mejorar en: Número de Commits, Porcentaje de Commits con título personalizado, Porcentaje de Commits con referencias.
[2025-06-01 01:25:50] [INFO]: Detalles: [object Object],[object Object],[object Object],[object Object],[object Object]
[2025-06-01 01:25:50] [INFO]: Regla: DevOps, Extreme Programming - Continuous integration
[2025-06-01 01:25:50] [INFO]: Descripción: El repositorio tiene señales de integración continua activa. Se cierran Pull Requests de forma consistente a lo largo del tiempo y los ficheros workflow se ejecutan con éxito frecuentemente, logrando un desarrollo de calidad.
[2025-06-01 01:25:50] [INFO]: Aprobada: Parcialmente superada
[2025-06-01 01:25:50] [INFO]: Expliación: El repositorio parece usar integración continua, pero podría mejorar en: Frecuencia de ejecución de los ficheros workflow, Porcentaje de éxito de los ficheros workflow.
[2025-06-01 01:25:50] [INFO]: Detalles: [object Object],[object Object],[object Object]
[2025-06-01 01:25:50] [INFO]: Regla: Scrum - Definition of Done
[2025-06-01 01:25:50] [INFO]: Descripción: Se cierran las Issues de forma correcta y consistente, logrando un avance en el desarrollo eficiente.
[2025-06-01 01:25:50] [INFO]: Aprobada: No superada
[2025-06-01 01:25:50] [INFO]: Expliación: Hay muchas tareas sin cerrar o se reabren con demasiada frecuencia, lo cual indica que no se respeta una definición clara de "Done".
[2025-06-01 01:25:50] [INFO]: Detalles: [object Object],[object Object],[object Object]
[2025-06-01 01:25:50] [INFO]: Regla: Scrum - Backlog Quality
[2025-06-01 01:25:50] [INFO]: Descripción: El repositorio incluye numerosas issues y de calidad para formar el backlog del proyecto, lo que ayuda a dividir el trabajo en tareas.
[2025-06-01 01:25:50] [INFO]: Aprobada: Parcialmente superada
[2025-06-01 01:25:50] [INFO]: Expliación: El backlog podría mejorar en: Número total de Issues, Número total de Issues cerradas, Porcentaje de Issues con personas asignadas.
[2025-06-01 01:25:50] [INFO]: Detalles: [object Object],[object Object],[object Object],[object Object],[object Object],[object Object]
[2025-06-01 01:25:50] [INFO]: Regla: Extreme Programming - Velocity
[2025-06-01 01:25:50] [INFO]: Descripción: El repositorio tiene indicios de medición de velocidad de trabajo mediante un buen ritmo de cierre de issues. Esto ofrece una forma de trabajo consistente que reducirá el tiempo necesario para el desarrollo
[2025-06-01 01:25:50] [INFO]: Aprobada: Superada
[2025-06-01 01:25:50] [INFO]: Expliación: El repositorio mantiene la velocidad de trabajo mediante el cierre frecuente de issues.
[2025-06-01 01:25:50] [INFO]: Detalles: 
[2025-06-01 01:25:50] [INFO]: Regla: Extreme Programming - Frequent Releases
[2025-06-01 01:25:50] [INFO]: Descripción: El repositorio incluye Releases y se van creando nuevas cada cierto tiempo. Esto es útil para ir ofreciendo versiones utilizables de software
[2025-06-01 01:25:50] [INFO]: Aprobada: No superada
[2025-06-01 01:25:50] [INFO]: Expliación: El repositorio no publica Releases con suficiente frecuencia.
[2025-06-01 01:25:50] [INFO]: Detalles: [object Object],[object Object]
[2025-06-01 01:25:50] [INFO]: Regla: Extreme Programming - Collective Ownership
[2025-06-01 01:25:50] [INFO]: Descripción: Todos los miembros del equipo modifican de forma activa cualquier parte del repositorio. Todos se encargan de todo: hacer Commits, Issues, Pull Requests...
[2025-06-01 01:25:50] [INFO]: Aprobada: Superada
[2025-06-01 01:25:50] [INFO]: Expliación: El repositorio refleja una fuerte propiedad colectiva. Todos los miembros participan en múltiples aspectos del desarrollo de forma activa.
[2025-06-01 01:25:50] [INFO]: Detalles: [object Object],[object Object],[object Object],[object Object],[object Object],[object Object]
[2025-06-01 01:25:50] [INFO]: Regla: Extreme Programming - Pair Programming
[2025-06-01 01:25:50] [INFO]: Descripción: Los miembros del repositorio practican la programación por parejas, lo que facilita el desarrollo y el entendimiento del mismo por parte de todos los miembros
[2025-06-01 01:25:50] [INFO]: Aprobada: Parcialmente superada
[2025-06-01 01:25:50] [INFO]: Expliación: Hay algunos indicios de colaboración, pero podría mejorar en: Porcentaje de Commits colaborativos (menciones en mensajes), Porcentaje de Pull Requests colaborativos (menciones), Porcentaje de Releases colaborativas (menciones).
[2025-06-01 01:25:50] [INFO]: Detalles: [object Object],[object Object],[object Object],[object Object]
[2025-06-01 01:26:08] [ERROR]: URL malformada o no válida: https://github.com/lod1004/GII-TFG-Asistente-de-Buenas-Practicas-para-Proyectos-en-GitHub/issues
